{"/Users/geguo/Desktop/AP/aria-web/src/api/chatExport.ts": {"path":"/Users/geguo/Desktop/AP/aria-web/src/api/chatExport.ts","statementMap":{"0":{"start":{"line":6,"column":25},"end":{"line":6,"column":null}},"1":{"start":{"line":7,"column":2},"end":{"line":7,"column":null}},"2":{"start":{"line":7,"column":22},"end":{"line":7,"column":null}},"3":{"start":{"line":9,"column":20},"end":{"line":9,"column":78}},"4":{"start":{"line":10,"column":2},"end":{"line":10,"column":null}},"5":{"start":{"line":18,"column":16},"end":{"line":18,"column":49}},"6":{"start":{"line":19,"column":19},"end":{"line":26,"column":4}},"7":{"start":{"line":28,"column":2},"end":{"line":29,"column":null}},"8":{"start":{"line":29,"column":4},"end":{"line":29,"column":null}},"9":{"start":{"line":32,"column":15},"end":{"line":32,"column":36}},"10":{"start":{"line":33,"column":14},"end":{"line":33,"column":46}},"11":{"start":{"line":34,"column":15},"end":{"line":34,"column":42}},"12":{"start":{"line":35,"column":2},"end":{"line":35,"column":null}},"13":{"start":{"line":36,"column":2},"end":{"line":40,"column":null}},"14":{"start":{"line":42,"column":2},"end":{"line":42,"column":null}},"15":{"start":{"line":43,"column":2},"end":{"line":43,"column":null}},"16":{"start":{"line":44,"column":2},"end":{"line":44,"column":null}},"17":{"start":{"line":45,"column":2},"end":{"line":45,"column":null}},"18":{"start":{"line":45,"column":26},"end":{"line":45,"column":57}}},"fnMap":{"0":{"name":"extractFilename","decl":{"start":{"line":5,"column":9},"end":{"line":5,"column":25}},"loc":{"start":{"line":5,"column":109},"end":{"line":10,"column":null}},"line":5},"1":{"name":"exportConversationFile","decl":{"start":{"line":13,"column":22},"end":{"line":13,"column":null}},"loc":{"start":{"line":17,"column":2},"end":{"line":45,"column":null}},"line":17},"2":{"name":"(anonymous_2)","decl":{"start":{"line":45,"column":9},"end":{"line":45,"column":26}},"loc":{"start":{"line":45,"column":26},"end":{"line":45,"column":57}},"line":45}},"branchMap":{"0":{"loc":{"start":{"line":7,"column":2},"end":{"line":7,"column":null}},"type":"if","locations":[{"start":{"line":7,"column":2},"end":{"line":7,"column":null}},{"start":{},"end":{}}],"line":7},"1":{"loc":{"start":{"line":10,"column":25},"end":{"line":10,"column":null}},"type":"cond-expr","locations":[{"start":{"line":10,"column":49},"end":{"line":10,"column":56}},{"start":{"line":10,"column":56},"end":{"line":10,"column":null}}],"line":10},"2":{"loc":{"start":{"line":16,"column":2},"end":{"line":16,"column":null}},"type":"default-arg","locations":[{"start":{"line":16,"column":22},"end":{"line":16,"column":null}}],"line":16},"3":{"loc":{"start":{"line":23,"column":22},"end":{"line":23,"column":null}},"type":"binary-expr","locations":[{"start":{"line":23,"column":22},"end":{"line":23,"column":31}},{"start":{"line":23,"column":31},"end":{"line":23,"column":null}}],"line":23},"4":{"loc":{"start":{"line":28,"column":2},"end":{"line":29,"column":null}},"type":"if","locations":[{"start":{"line":28,"column":2},"end":{"line":29,"column":null}},{"start":{},"end":{}}],"line":28}},"s":{"0":1,"1":1,"2":1,"3":0,"4":0,"5":2,"6":2,"7":2,"8":1,"9":1,"10":1,"11":1,"12":1,"13":1,"14":1,"15":1,"16":1,"17":1,"18":0},"f":{"0":1,"1":2,"2":0},"b":{"0":[1,0],"1":[0,0],"2":[2],"3":[2,1],"4":[1,1]},"meta":{"lastBranch":5,"lastFunction":3,"lastStatement":19,"seen":{"f:5:9:5:25":0,"s:6:25:6:Infinity":0,"b:7:2:7:Infinity:undefined:undefined:undefined:undefined":0,"s:7:2:7:Infinity":1,"s:7:22:7:Infinity":2,"s:9:20:9:78":3,"s:10:2:10:Infinity":4,"b:10:49:10:56:10:56:10:Infinity":1,"f:13:22:13:Infinity":1,"b:16:22:16:Infinity":2,"s:18:16:18:49":5,"s:19:19:26:4":6,"b:23:22:23:31:23:31:23:Infinity":3,"b:28:2:29:Infinity:undefined:undefined:undefined:undefined":4,"s:28:2:29:Infinity":7,"s:29:4:29:Infinity":8,"s:32:15:32:36":9,"s:33:14:33:46":10,"s:34:15:34:42":11,"s:35:2:35:Infinity":12,"s:36:2:40:Infinity":13,"s:42:2:42:Infinity":14,"s:43:2:43:Infinity":15,"s:44:2:44:Infinity":16,"s:45:2:45:Infinity":17,"f:45:9:45:26":2,"s:45:26:45:57":18}}}
,"/Users/geguo/Desktop/AP/aria-web/src/api/client.ts": {"path":"/Users/geguo/Desktop/AP/aria-web/src/api/client.ts","statementMap":{"0":{"start":{"line":11,"column":18},"end":{"line":11,"column":null}},"1":{"start":{"line":14,"column":4},"end":{"line":20,"column":null}},"2":{"start":{"line":23,"column":4},"end":{"line":38,"column":null}},"3":{"start":{"line":25,"column":22},"end":{"line":25,"column":54}},"4":{"start":{"line":26,"column":8},"end":{"line":27,"column":null}},"5":{"start":{"line":27,"column":10},"end":{"line":27,"column":null}},"6":{"start":{"line":29,"column":8},"end":{"line":31,"column":null}},"7":{"start":{"line":30,"column":10},"end":{"line":30,"column":null}},"8":{"start":{"line":31,"column":10},"end":{"line":31,"column":null}},"9":{"start":{"line":33,"column":8},"end":{"line":33,"column":null}},"10":{"start":{"line":36,"column":8},"end":{"line":36,"column":null}},"11":{"start":{"line":41,"column":4},"end":{"line":52,"column":null}},"12":{"start":{"line":43,"column":8},"end":{"line":44,"column":null}},"13":{"start":{"line":44,"column":10},"end":{"line":44,"column":null}},"14":{"start":{"line":46,"column":8},"end":{"line":46,"column":null}},"15":{"start":{"line":49,"column":8},"end":{"line":49,"column":null}},"16":{"start":{"line":50,"column":8},"end":{"line":50,"column":null}},"17":{"start":{"line":56,"column":4},"end":{"line":57,"column":null}},"18":{"start":{"line":57,"column":6},"end":{"line":57,"column":null}},"19":{"start":{"line":61,"column":4},"end":{"line":63,"column":null}},"20":{"start":{"line":62,"column":6},"end":{"line":62,"column":null}},"21":{"start":{"line":63,"column":6},"end":{"line":63,"column":null}},"22":{"start":{"line":67,"column":4},"end":{"line":69,"column":null}},"23":{"start":{"line":68,"column":6},"end":{"line":68,"column":null}},"24":{"start":{"line":69,"column":6},"end":{"line":69,"column":null}},"25":{"start":{"line":72,"column":19},"end":{"line":72,"column":null}},"26":{"start":{"line":73,"column":17},"end":{"line":73,"column":null}},"27":{"start":{"line":75,"column":4},"end":{"line":75,"column":null}},"28":{"start":{"line":78,"column":4},"end":{"line":89,"column":null}},"29":{"start":{"line":79,"column":26},"end":{"line":79,"column":null}},"30":{"start":{"line":80,"column":6},"end":{"line":89,"column":null}},"31":{"start":{"line":81,"column":8},"end":{"line":81,"column":null}},"32":{"start":{"line":82,"column":8},"end":{"line":82,"column":null}},"33":{"start":{"line":83,"column":8},"end":{"line":83,"column":null}},"34":{"start":{"line":86,"column":8},"end":{"line":86,"column":null}},"35":{"start":{"line":89,"column":8},"end":{"line":89,"column":null}},"36":{"start":{"line":95,"column":21},"end":{"line":95,"column":58}},"37":{"start":{"line":96,"column":4},"end":{"line":96,"column":null}},"38":{"start":{"line":100,"column":21},"end":{"line":100,"column":65}},"39":{"start":{"line":101,"column":4},"end":{"line":101,"column":null}},"40":{"start":{"line":105,"column":21},"end":{"line":105,"column":64}},"41":{"start":{"line":106,"column":4},"end":{"line":106,"column":null}},"42":{"start":{"line":110,"column":21},"end":{"line":110,"column":66}},"43":{"start":{"line":111,"column":4},"end":{"line":111,"column":null}},"44":{"start":{"line":115,"column":21},"end":{"line":115,"column":61}},"45":{"start":{"line":116,"column":4},"end":{"line":116,"column":null}},"46":{"start":{"line":120,"column":19},"end":{"line":120,"column":33}}},"fnMap":{"0":{"name":"(anonymous_0)","decl":{"start":{"line":13,"column":2},"end":{"line":13,"column":16}},"loc":{"start":{"line":13,"column":16},"end":{"line":52,"column":null}},"line":13},"1":{"name":"(anonymous_1)","decl":{"start":{"line":23,"column":37},"end":{"line":23,"column":null}},"loc":{"start":{"line":24,"column":18},"end":{"line":35,"column":17}},"line":24},"2":{"name":"(anonymous_2)","decl":{"start":{"line":35,"column":7},"end":{"line":35,"column":17}},"loc":{"start":{"line":35,"column":17},"end":{"line":38,"column":null}},"line":35},"3":{"name":"(anonymous_3)","decl":{"start":{"line":41,"column":38},"end":{"line":41,"column":null}},"loc":{"start":{"line":42,"column":20},"end":{"line":48,"column":29}},"line":42},"4":{"name":"(anonymous_4)","decl":{"start":{"line":48,"column":7},"end":{"line":48,"column":29}},"loc":{"start":{"line":48,"column":29},"end":{"line":52,"column":null}},"line":48},"5":{"name":"(anonymous_5)","decl":{"start":{"line":55,"column":2},"end":{"line":55,"column":10}},"loc":{"start":{"line":55,"column":41},"end":{"line":89,"column":null}},"line":55},"6":{"name":"(anonymous_6)","decl":{"start":{"line":94,"column":8},"end":{"line":94,"column":15}},"loc":{"start":{"line":94,"column":70},"end":{"line":96,"column":null}},"line":94},"7":{"name":"(anonymous_7)","decl":{"start":{"line":99,"column":8},"end":{"line":99,"column":16}},"loc":{"start":{"line":99,"column":87},"end":{"line":101,"column":null}},"line":99},"8":{"name":"(anonymous_8)","decl":{"start":{"line":104,"column":8},"end":{"line":104,"column":15}},"loc":{"start":{"line":104,"column":86},"end":{"line":106,"column":null}},"line":104},"9":{"name":"(anonymous_9)","decl":{"start":{"line":109,"column":8},"end":{"line":109,"column":17}},"loc":{"start":{"line":109,"column":88},"end":{"line":111,"column":null}},"line":109},"10":{"name":"(anonymous_10)","decl":{"start":{"line":114,"column":8},"end":{"line":114,"column":18}},"loc":{"start":{"line":114,"column":73},"end":{"line":116,"column":null}},"line":114}},"branchMap":{"0":{"loc":{"start":{"line":26,"column":8},"end":{"line":27,"column":null}},"type":"if","locations":[{"start":{"line":26,"column":8},"end":{"line":27,"column":null}},{"start":{},"end":{}}],"line":26},"1":{"loc":{"start":{"line":27,"column":92},"end":{"line":27,"column":121}},"type":"cond-expr","locations":[{"start":{"line":27,"column":100},"end":{"line":27,"column":112}},{"start":{"line":27,"column":112},"end":{"line":27,"column":121}}],"line":27},"2":{"loc":{"start":{"line":29,"column":8},"end":{"line":31,"column":null}},"type":"if","locations":[{"start":{"line":29,"column":8},"end":{"line":31,"column":null}},{"start":{},"end":{}}],"line":29},"3":{"loc":{"start":{"line":30,"column":27},"end":{"line":30,"column":46}},"type":"binary-expr","locations":[{"start":{"line":30,"column":27},"end":{"line":30,"column":45}},{"start":{"line":30,"column":45},"end":{"line":30,"column":46}}],"line":30},"4":{"loc":{"start":{"line":43,"column":8},"end":{"line":44,"column":null}},"type":"if","locations":[{"start":{"line":43,"column":8},"end":{"line":44,"column":null}},{"start":{},"end":{}}],"line":43},"5":{"loc":{"start":{"line":56,"column":4},"end":{"line":57,"column":null}},"type":"if","locations":[{"start":{"line":56,"column":4},"end":{"line":57,"column":null}},{"start":{},"end":{}}],"line":56},"6":{"loc":{"start":{"line":61,"column":4},"end":{"line":63,"column":null}},"type":"if","locations":[{"start":{"line":61,"column":4},"end":{"line":63,"column":null}},{"start":{},"end":{}}],"line":61},"7":{"loc":{"start":{"line":61,"column":8},"end":{"line":61,"column":74}},"type":"binary-expr","locations":[{"start":{"line":61,"column":8},"end":{"line":61,"column":41}},{"start":{"line":61,"column":41},"end":{"line":61,"column":74}}],"line":61},"8":{"loc":{"start":{"line":67,"column":4},"end":{"line":69,"column":null}},"type":"if","locations":[{"start":{"line":67,"column":4},"end":{"line":69,"column":null}},{"start":{},"end":{}}],"line":67},"9":{"loc":{"start":{"line":78,"column":4},"end":{"line":89,"column":null}},"type":"if","locations":[{"start":{"line":78,"column":4},"end":{"line":89,"column":null}},{"start":{},"end":{}}],"line":78},"10":{"loc":{"start":{"line":80,"column":6},"end":{"line":89,"column":null}},"type":"if","locations":[{"start":{"line":80,"column":6},"end":{"line":89,"column":null}},{"start":{},"end":{}}],"line":80}},"s":{"0":3,"1":3,"2":3,"3":12,"4":12,"5":12,"6":12,"7":10,"8":10,"9":12,"10":0,"11":3,"12":0,"13":0,"14":0,"15":12,"16":12,"17":12,"18":12,"19":12,"20":0,"21":0,"22":12,"23":12,"24":12,"25":0,"26":0,"27":0,"28":0,"29":0,"30":0,"31":0,"32":0,"33":0,"34":0,"35":0,"36":11,"37":0,"38":1,"39":0,"40":0,"41":0,"42":0,"43":0,"44":0,"45":0,"46":3},"f":{"0":3,"1":12,"2":0,"3":0,"4":12,"5":12,"6":11,"7":1,"8":0,"9":0,"10":0},"b":{"0":[12,0],"1":[10,2],"2":[10,2],"3":[10,0],"4":[0,0],"5":[12,0],"6":[0,12],"7":[12,12],"8":[12,0],"9":[0,0],"10":[0,0]},"meta":{"lastBranch":11,"lastFunction":11,"lastStatement":47,"seen":{"s:11:18:11:Infinity":0,"f:13:2:13:16":0,"s:14:4:20:Infinity":1,"s:23:4:38:Infinity":2,"f:23:37:23:Infinity":1,"s:25:22:25:54":3,"b:26:8:27:Infinity:undefined:undefined:undefined:undefined":0,"s:26:8:27:Infinity":4,"s:27:10:27:Infinity":5,"b:27:100:27:112:27:112:27:121":1,"b:29:8:31:Infinity:undefined:undefined:undefined:undefined":2,"s:29:8:31:Infinity":6,"s:30:10:30:Infinity":7,"b:30:27:30:45:30:45:30:46":3,"s:31:10:31:Infinity":8,"s:33:8:33:Infinity":9,"f:35:7:35:17":2,"s:36:8:36:Infinity":10,"s:41:4:52:Infinity":11,"f:41:38:41:Infinity":3,"b:43:8:44:Infinity:undefined:undefined:undefined:undefined":4,"s:43:8:44:Infinity":12,"s:44:10:44:Infinity":13,"s:46:8:46:Infinity":14,"f:48:7:48:29":4,"s:49:8:49:Infinity":15,"s:50:8:50:Infinity":16,"f:55:2:55:10":5,"b:56:4:57:Infinity:undefined:undefined:undefined:undefined":5,"s:56:4:57:Infinity":17,"s:57:6:57:Infinity":18,"b:61:4:63:Infinity:undefined:undefined:undefined:undefined":6,"s:61:4:63:Infinity":19,"b:61:8:61:41:61:41:61:74":7,"s:62:6:62:Infinity":20,"s:63:6:63:Infinity":21,"b:67:4:69:Infinity:undefined:undefined:undefined:undefined":8,"s:67:4:69:Infinity":22,"s:68:6:68:Infinity":23,"s:69:6:69:Infinity":24,"s:72:19:72:Infinity":25,"s:73:17:73:Infinity":26,"s:75:4:75:Infinity":27,"b:78:4:89:Infinity:undefined:undefined:undefined:undefined":9,"s:78:4:89:Infinity":28,"s:79:26:79:Infinity":29,"b:80:6:89:Infinity:undefined:undefined:undefined:undefined":10,"s:80:6:89:Infinity":30,"s:81:8:81:Infinity":31,"s:82:8:82:Infinity":32,"s:83:8:83:Infinity":33,"s:86:8:86:Infinity":34,"s:89:8:89:Infinity":35,"f:94:8:94:15":6,"s:95:21:95:58":36,"s:96:4:96:Infinity":37,"f:99:8:99:16":7,"s:100:21:100:65":38,"s:101:4:101:Infinity":39,"f:104:8:104:15":8,"s:105:21:105:64":40,"s:106:4:106:Infinity":41,"f:109:8:109:17":9,"s:110:21:110:66":42,"s:111:4:111:Infinity":43,"f:114:8:114:18":10,"s:115:21:115:61":44,"s:116:4:116:Infinity":45,"s:120:19:120:33":46}}}
,"/Users/geguo/Desktop/AP/aria-web/src/components/Layout.tsx": {"path":"/Users/geguo/Desktop/AP/aria-web/src/components/Layout.tsx","statementMap":{"0":{"start":{"line":22,"column":13},"end":{"line":22,"column":38}},"1":{"start":{"line":23,"column":15},"end":{"line":23,"column":45}},"2":{"start":{"line":24,"column":8},"end":{"line":24,"column":32}},"3":{"start":{"line":25,"column":8},"end":{"line":25,"column":32}},"4":{"start":{"line":26,"column":23},"end":{"line":26,"column":57}},"5":{"start":{"line":27,"column":15},"end":{"line":27,"column":53}},"6":{"start":{"line":28,"column":22},"end":{"line":28,"column":51}},"7":{"start":{"line":30,"column":19},"end":{"line":38,"column":null}},"8":{"start":{"line":40,"column":2},"end":{"line":42,"column":null}},"9":{"start":{"line":41,"column":4},"end":{"line":41,"column":null}},"10":{"start":{"line":44,"column":2},"end":{"line":52,"column":null}},"11":{"start":{"line":45,"column":4},"end":{"line":51,"column":null}},"12":{"start":{"line":47,"column":8},"end":{"line":48,"column":null}},"13":{"start":{"line":48,"column":10},"end":{"line":48,"column":null}},"14":{"start":{"line":54,"column":2},"end":{"line":66,"column":null}},"15":{"start":{"line":55,"column":10},"end":{"line":56,"column":null}},"16":{"start":{"line":56,"column":6},"end":{"line":56,"column":null}},"17":{"start":{"line":59,"column":4},"end":{"line":61,"column":null}},"18":{"start":{"line":60,"column":21},"end":{"line":60,"column":82}},"19":{"start":{"line":61,"column":6},"end":{"line":61,"column":null}},"20":{"start":{"line":61,"column":19},"end":{"line":61,"column":52}},"21":{"start":{"line":64,"column":18},"end":{"line":64,"column":49}},"22":{"start":{"line":65,"column":4},"end":{"line":65,"column":null}},"23":{"start":{"line":65,"column":17},"end":{"line":65,"column":36}},"24":{"start":{"line":68,"column":2},"end":{"line":82,"column":null}},"25":{"start":{"line":69,"column":10},"end":{"line":73,"column":null}},"26":{"start":{"line":70,"column":6},"end":{"line":73,"column":null}},"27":{"start":{"line":72,"column":26},"end":{"line":72,"column":66}},"28":{"start":{"line":76,"column":4},"end":{"line":76,"column":null}},"29":{"start":{"line":77,"column":10},"end":{"line":77,"column":57}},"30":{"start":{"line":77,"column":40},"end":{"line":77,"column":57}},"31":{"start":{"line":78,"column":4},"end":{"line":78,"column":null}},"32":{"start":{"line":79,"column":4},"end":{"line":80,"column":null}},"33":{"start":{"line":80,"column":6},"end":{"line":80,"column":null}},"34":{"start":{"line":84,"column":8},"end":{"line":86,"column":null}},"35":{"start":{"line":85,"column":4},"end":{"line":85,"column":null}},"36":{"start":{"line":86,"column":4},"end":{"line":86,"column":null}},"37":{"start":{"line":89,"column":19},"end":{"line":96,"column":null}},"38":{"start":{"line":92,"column":23},"end":{"line":92,"column":31}},"39":{"start":{"line":98,"column":2},"end":{"line":198,"column":null}},"40":{"start":{"line":110,"column":18},"end":{"line":111,"column":79}},"41":{"start":{"line":112,"column":22},"end":{"line":114,"column":null}},"42":{"start":{"line":113,"column":33},"end":{"line":113,"column":null}},"43":{"start":{"line":114,"column":18},"end":{"line":114,"column":null}},"44":{"start":{"line":114,"column":30},"end":{"line":114,"column":null}},"45":{"start":{"line":117,"column":16},"end":{"line":131,"column":null}},"46":{"start":{"line":139,"column":29},"end":{"line":139,"column":50}},"47":{"start":{"line":153,"column":31},"end":{"line":153,"column":61}},"48":{"start":{"line":168,"column":35},"end":{"line":168,"column":57}},"49":{"start":{"line":176,"column":35},"end":{"line":176,"column":57}}},"fnMap":{"0":{"name":"Layout","decl":{"start":{"line":21,"column":16},"end":{"line":21,"column":25}},"loc":{"start":{"line":21,"column":25},"end":{"line":198,"column":null}},"line":21},"1":{"name":"(anonymous_1)","decl":{"start":{"line":40,"column":2},"end":{"line":40,"column":18}},"loc":{"start":{"line":40,"column":18},"end":{"line":42,"column":7}},"line":40},"2":{"name":"(anonymous_2)","decl":{"start":{"line":41,"column":44},"end":{"line":41,"column":56}},"loc":{"start":{"line":41,"column":56},"end":{"line":41,"column":59}},"line":41},"3":{"name":"(anonymous_3)","decl":{"start":{"line":44,"column":2},"end":{"line":44,"column":18}},"loc":{"start":{"line":44,"column":18},"end":{"line":52,"column":7}},"line":44},"4":{"name":"(anonymous_4)","decl":{"start":{"line":46,"column":7},"end":{"line":46,"column":13}},"loc":{"start":{"line":46,"column":26},"end":{"line":50,"column":null}},"line":46},"5":{"name":"(anonymous_5)","decl":{"start":{"line":51,"column":7},"end":{"line":51,"column":19}},"loc":{"start":{"line":51,"column":19},"end":{"line":51,"column":22}},"line":51},"6":{"name":"(anonymous_6)","decl":{"start":{"line":54,"column":2},"end":{"line":54,"column":18}},"loc":{"start":{"line":54,"column":18},"end":{"line":66,"column":7}},"line":54},"7":{"name":"(anonymous_7)","decl":{"start":{"line":55,"column":10},"end":{"line":55,"column":33}},"loc":{"start":{"line":55,"column":33},"end":{"line":56,"column":null}},"line":55},"8":{"name":"(anonymous_8)","decl":{"start":{"line":61,"column":6},"end":{"line":61,"column":19}},"loc":{"start":{"line":61,"column":19},"end":{"line":61,"column":52}},"line":61},"9":{"name":"(anonymous_9)","decl":{"start":{"line":65,"column":4},"end":{"line":65,"column":17}},"loc":{"start":{"line":65,"column":17},"end":{"line":65,"column":36}},"line":65},"10":{"name":"(anonymous_10)","decl":{"start":{"line":68,"column":2},"end":{"line":68,"column":18}},"loc":{"start":{"line":68,"column":18},"end":{"line":82,"column":7}},"line":68},"11":{"name":"(anonymous_11)","decl":{"start":{"line":69,"column":10},"end":{"line":69,"column":34}},"loc":{"start":{"line":69,"column":34},"end":{"line":73,"column":null}},"line":69},"12":{"name":"(anonymous_12)","decl":{"start":{"line":72,"column":9},"end":{"line":72,"column":15}},"loc":{"start":{"line":72,"column":26},"end":{"line":72,"column":66}},"line":72},"13":{"name":"(anonymous_13)","decl":{"start":{"line":73,"column":9},"end":{"line":73,"column":21}},"loc":{"start":{"line":73,"column":21},"end":{"line":73,"column":24}},"line":73},"14":{"name":"(anonymous_14)","decl":{"start":{"line":77,"column":10},"end":{"line":77,"column":40}},"loc":{"start":{"line":77,"column":40},"end":{"line":77,"column":57}},"line":77},"15":{"name":"(anonymous_15)","decl":{"start":{"line":79,"column":4},"end":{"line":79,"column":17}},"loc":{"start":{"line":79,"column":17},"end":{"line":80,"column":null}},"line":79},"16":{"name":"(anonymous_16)","decl":{"start":{"line":84,"column":8},"end":{"line":84,"column":29}},"loc":{"start":{"line":84,"column":29},"end":{"line":86,"column":null}},"line":84},"17":{"name":"(anonymous_17)","decl":{"start":{"line":92,"column":9},"end":{"line":92,"column":14}},"loc":{"start":{"line":92,"column":23},"end":{"line":92,"column":31}},"line":92},"18":{"name":"(anonymous_18)","decl":{"start":{"line":108,"column":24},"end":{"line":108,"column":29}},"loc":{"start":{"line":108,"column":38},"end":{"line":131,"column":null}},"line":108},"19":{"name":"(anonymous_19)","decl":{"start":{"line":112,"column":22},"end":{"line":112,"column":43}},"loc":{"start":{"line":112,"column":43},"end":{"line":114,"column":null}},"line":112},"20":{"name":"(anonymous_20)","decl":{"start":{"line":139,"column":14},"end":{"line":139,"column":29}},"loc":{"start":{"line":139,"column":29},"end":{"line":139,"column":50}},"line":139},"21":{"name":"(anonymous_21)","decl":{"start":{"line":153,"column":16},"end":{"line":153,"column":31}},"loc":{"start":{"line":153,"column":31},"end":{"line":153,"column":61}},"line":153},"22":{"name":"(anonymous_22)","decl":{"start":{"line":168,"column":20},"end":{"line":168,"column":35}},"loc":{"start":{"line":168,"column":35},"end":{"line":168,"column":57}},"line":168},"23":{"name":"(anonymous_23)","decl":{"start":{"line":176,"column":20},"end":{"line":176,"column":35}},"loc":{"start":{"line":176,"column":35},"end":{"line":176,"column":57}},"line":176}},"branchMap":{"0":{"loc":{"start":{"line":35,"column":31},"end":{"line":35,"column":57}},"type":"binary-expr","locations":[{"start":{"line":35,"column":31},"end":{"line":35,"column":47}},{"start":{"line":35,"column":51},"end":{"line":35,"column":57}}],"line":35},"1":{"loc":{"start":{"line":36,"column":32},"end":{"line":36,"column":59}},"type":"cond-expr","locations":[{"start":{"line":36,"column":39},"end":{"line":36,"column":47}},{"start":{"line":36,"column":47},"end":{"line":36,"column":59}}],"line":36},"2":{"loc":{"start":{"line":47,"column":8},"end":{"line":48,"column":null}},"type":"if","locations":[{"start":{"line":47,"column":8},"end":{"line":48,"column":null}},{"start":{},"end":{}}],"line":47},"3":{"loc":{"start":{"line":59,"column":4},"end":{"line":61,"column":null}},"type":"if","locations":[{"start":{"line":59,"column":4},"end":{"line":61,"column":null}},{"start":{},"end":{}}],"line":59},"4":{"loc":{"start":{"line":59,"column":8},"end":{"line":59,"column":74}},"type":"binary-expr","locations":[{"start":{"line":59,"column":8},"end":{"line":59,"column":41}},{"start":{"line":59,"column":41},"end":{"line":59,"column":74}}],"line":59},"5":{"loc":{"start":{"line":72,"column":41},"end":{"line":72,"column":66}},"type":"binary-expr","locations":[{"start":{"line":72,"column":41},"end":{"line":72,"column":64}},{"start":{"line":72,"column":64},"end":{"line":72,"column":66}}],"line":72},"6":{"loc":{"start":{"line":89,"column":19},"end":{"line":96,"column":null}},"type":"cond-expr","locations":[{"start":{"line":90,"column":6},"end":{"line":95,"column":20}},{"start":{"line":96,"column":6},"end":{"line":96,"column":null}}],"line":89},"7":{"loc":{"start":{"line":110,"column":18},"end":{"line":111,"column":79}},"type":"binary-expr","locations":[{"start":{"line":110,"column":18},"end":{"line":110,"column":null}},{"start":{"line":111,"column":19},"end":{"line":111,"column":40}},{"start":{"line":111,"column":40},"end":{"line":111,"column":79}}],"line":110},"8":{"loc":{"start":{"line":114,"column":18},"end":{"line":114,"column":null}},"type":"if","locations":[{"start":{"line":114,"column":18},"end":{"line":114,"column":null}},{"start":{},"end":{}}],"line":114},"9":{"loc":{"start":{"line":124,"column":22},"end":{"line":126,"column":null}},"type":"cond-expr","locations":[{"start":{"line":125,"column":26},"end":{"line":125,"column":null}},{"start":{"line":126,"column":26},"end":{"line":126,"column":null}}],"line":124},"10":{"loc":{"start":{"line":144,"column":15},"end":{"line":148,"column":null}},"type":"cond-expr","locations":[{"start":{"line":145,"column":16},"end":{"line":148,"column":null}},{"start":{"line":148,"column":18},"end":{"line":148,"column":null}}],"line":144},"11":{"loc":{"start":{"line":146,"column":19},"end":{"line":146,"column":null}},"type":"cond-expr","locations":[{"start":{"line":146,"column":38},"end":{"line":146,"column":46}},{"start":{"line":146,"column":46},"end":{"line":146,"column":null}}],"line":146},"12":{"loc":{"start":{"line":155,"column":23},"end":{"line":155,"column":null}},"type":"binary-expr","locations":[{"start":{"line":155,"column":23},"end":{"line":155,"column":45}},{"start":{"line":155,"column":45},"end":{"line":155,"column":null}}],"line":155},"13":{"loc":{"start":{"line":160,"column":15},"end":{"line":187,"column":null}},"type":"binary-expr","locations":[{"start":{"line":160,"column":15},"end":{"line":160,"column":null}},{"start":{"line":161,"column":16},"end":{"line":187,"column":null}}],"line":160},"14":{"loc":{"start":{"line":163,"column":72},"end":{"line":163,"column":105}},"type":"binary-expr","locations":[{"start":{"line":163,"column":72},"end":{"line":163,"column":94}},{"start":{"line":163,"column":94},"end":{"line":163,"column":105}}],"line":163},"15":{"loc":{"start":{"line":164,"column":75},"end":{"line":164,"column":97}},"type":"binary-expr","locations":[{"start":{"line":164,"column":75},"end":{"line":164,"column":90}},{"start":{"line":164,"column":90},"end":{"line":164,"column":97}}],"line":164}},"s":{"0":3,"1":3,"2":3,"3":3,"4":3,"5":3,"6":3,"7":3,"8":3,"9":3,"10":3,"11":3,"12":0,"13":0,"14":3,"15":3,"16":0,"17":3,"18":0,"19":0,"20":0,"21":3,"22":3,"23":3,"24":3,"25":3,"26":3,"27":0,"28":3,"29":3,"30":0,"31":3,"32":3,"33":3,"34":3,"35":0,"36":0,"37":3,"38":0,"39":3,"40":21,"41":21,"42":0,"43":0,"44":0,"45":21,"46":0,"47":0,"48":0,"49":0},"f":{"0":3,"1":3,"2":3,"3":3,"4":0,"5":3,"6":3,"7":0,"8":0,"9":3,"10":3,"11":3,"12":0,"13":3,"14":0,"15":3,"16":0,"17":0,"18":21,"19":0,"20":0,"21":0,"22":0,"23":0},"b":{"0":[3,0],"1":[0,3],"2":[0,0],"3":[0,3],"4":[3,3],"5":[0,0],"6":[0,3],"7":[21,20,18],"8":[0,0],"9":[1,20],"10":[0,3],"11":[0,0],"12":[3,3],"13":[3,0],"14":[0,0],"15":[0,0]},"meta":{"lastBranch":16,"lastFunction":24,"lastStatement":50,"seen":{"f:21:16:21:25":0,"s:22:13:22:38":0,"s:23:15:23:45":1,"s:24:8:24:32":2,"s:25:8:25:32":3,"s:26:23:26:57":4,"s:27:15:27:53":5,"s:28:22:28:51":6,"s:30:19:38:Infinity":7,"b:35:31:35:47:35:51:35:57":0,"b:36:39:36:47:36:47:36:59":1,"s:40:2:42:Infinity":8,"f:40:2:40:18":1,"s:41:4:41:Infinity":9,"f:41:44:41:56":2,"s:44:2:52:Infinity":10,"f:44:2:44:18":3,"s:45:4:51:Infinity":11,"f:46:7:46:13":4,"b:47:8:48:Infinity:undefined:undefined:undefined:undefined":2,"s:47:8:48:Infinity":12,"s:48:10:48:Infinity":13,"f:51:7:51:19":5,"s:54:2:66:Infinity":14,"f:54:2:54:18":6,"s:55:10:56:Infinity":15,"f:55:10:55:33":7,"s:56:6:56:Infinity":16,"b:59:4:61:Infinity:undefined:undefined:undefined:undefined":3,"s:59:4:61:Infinity":17,"b:59:8:59:41:59:41:59:74":4,"s:60:21:60:82":18,"s:61:6:61:Infinity":19,"f:61:6:61:19":8,"s:61:19:61:52":20,"s:64:18:64:49":21,"s:65:4:65:Infinity":22,"f:65:4:65:17":9,"s:65:17:65:36":23,"s:68:2:82:Infinity":24,"f:68:2:68:18":10,"s:69:10:73:Infinity":25,"f:69:10:69:34":11,"s:70:6:73:Infinity":26,"f:72:9:72:15":12,"s:72:26:72:66":27,"b:72:41:72:64:72:64:72:66":5,"f:73:9:73:21":13,"s:76:4:76:Infinity":28,"s:77:10:77:57":29,"f:77:10:77:40":14,"s:77:40:77:57":30,"s:78:4:78:Infinity":31,"s:79:4:80:Infinity":32,"f:79:4:79:17":15,"s:80:6:80:Infinity":33,"s:84:8:86:Infinity":34,"f:84:8:84:29":16,"s:85:4:85:Infinity":35,"s:86:4:86:Infinity":36,"s:89:19:96:Infinity":37,"b:90:6:95:20:96:6:96:Infinity":6,"f:92:9:92:14":17,"s:92:23:92:31":38,"s:98:2:198:Infinity":39,"f:108:24:108:29":18,"s:110:18:111:79":40,"b:110:18:110:Infinity:111:19:111:40:111:40:111:79":7,"s:112:22:114:Infinity":41,"f:112:22:112:43":19,"s:113:33:113:Infinity":42,"b:114:18:114:Infinity:undefined:undefined:undefined:undefined":8,"s:114:18:114:Infinity":43,"s:114:30:114:Infinity":44,"s:117:16:131:Infinity":45,"b:125:26:125:Infinity:126:26:126:Infinity":9,"f:139:14:139:29":20,"s:139:29:139:50":46,"b:145:16:148:Infinity:148:18:148:Infinity":10,"b:146:38:146:46:146:46:146:Infinity":11,"f:153:16:153:31":21,"s:153:31:153:61":47,"b:155:23:155:45:155:45:155:Infinity":12,"b:160:15:160:Infinity:161:16:187:Infinity":13,"b:163:72:163:94:163:94:163:105":14,"b:164:75:164:90:164:90:164:97":15,"f:168:20:168:35":22,"s:168:35:168:57":48,"f:176:20:176:35":23,"s:176:35:176:57":49}}}
,"/Users/geguo/Desktop/AP/aria-web/src/components/MarkdownRenderer.tsx": {"path":"/Users/geguo/Desktop/AP/aria-web/src/components/MarkdownRenderer.tsx","statementMap":{"0":{"start":{"line":19,"column":17},"end":{"line":19,"column":45}},"1":{"start":{"line":21,"column":8},"end":{"line":25,"column":null}},"2":{"start":{"line":22,"column":4},"end":{"line":25,"column":null}},"3":{"start":{"line":23,"column":6},"end":{"line":23,"column":null}},"4":{"start":{"line":24,"column":6},"end":{"line":24,"column":null}},"5":{"start":{"line":24,"column":23},"end":{"line":24,"column":39}},"6":{"start":{"line":28,"column":2},"end":{"line":42,"column":null}},"7":{"start":{"line":47,"column":13},"end":{"line":149,"column":null}},"8":{"start":{"line":48,"column":2},"end":{"line":149,"column":null}},"9":{"start":{"line":53,"column":24},"end":{"line":53,"column":62}},"10":{"start":{"line":54,"column":10},"end":{"line":58,"column":null}},"11":{"start":{"line":55,"column":12},"end":{"line":58,"column":null}},"12":{"start":{"line":61,"column":10},"end":{"line":65,"column":null}},"13":{"start":{"line":62,"column":12},"end":{"line":65,"column":null}},"14":{"start":{"line":68,"column":10},"end":{"line":71,"column":null}},"15":{"start":{"line":75,"column":10},"end":{"line":75,"column":null}},"16":{"start":{"line":78,"column":10},"end":{"line":78,"column":null}},"17":{"start":{"line":81,"column":10},"end":{"line":81,"column":null}},"18":{"start":{"line":84,"column":10},"end":{"line":84,"column":null}},"19":{"start":{"line":87,"column":10},"end":{"line":87,"column":null}},"20":{"start":{"line":90,"column":10},"end":{"line":90,"column":null}},"21":{"start":{"line":93,"column":10},"end":{"line":93,"column":null}},"22":{"start":{"line":96,"column":10},"end":{"line":96,"column":null}},"23":{"start":{"line":99,"column":10},"end":{"line":99,"column":null}},"24":{"start":{"line":102,"column":10},"end":{"line":105,"column":null}},"25":{"start":{"line":109,"column":10},"end":{"line":109,"column":null}},"26":{"start":{"line":112,"column":10},"end":{"line":112,"column":null}},"27":{"start":{"line":115,"column":10},"end":{"line":115,"column":null}},"28":{"start":{"line":118,"column":10},"end":{"line":118,"column":null}},"29":{"start":{"line":121,"column":10},"end":{"line":121,"column":null}},"30":{"start":{"line":124,"column":16},"end":{"line":126,"column":null}},"31":{"start":{"line":128,"column":10},"end":{"line":129,"column":null}},"32":{"start":{"line":129,"column":12},"end":{"line":129,"column":null}},"33":{"start":{"line":131,"column":10},"end":{"line":134,"column":null}},"34":{"start":{"line":138,"column":10},"end":{"line":138,"column":null}},"35":{"start":{"line":141,"column":10},"end":{"line":141,"column":null}},"36":{"start":{"line":144,"column":10},"end":{"line":144,"column":null}}},"fnMap":{"0":{"name":"CodeBlock","decl":{"start":{"line":18,"column":9},"end":{"line":18,"column":19}},"loc":{"start":{"line":18,"column":83},"end":{"line":42,"column":null}},"line":18},"1":{"name":"(anonymous_1)","decl":{"start":{"line":21,"column":8},"end":{"line":21,"column":27}},"loc":{"start":{"line":21,"column":27},"end":{"line":25,"column":null}},"line":21},"2":{"name":"(anonymous_2)","decl":{"start":{"line":22,"column":44},"end":{"line":22,"column":55}},"loc":{"start":{"line":22,"column":55},"end":{"line":25,"column":null}},"line":22},"3":{"name":"(anonymous_3)","decl":{"start":{"line":24,"column":6},"end":{"line":24,"column":23}},"loc":{"start":{"line":24,"column":23},"end":{"line":24,"column":39}},"line":24},"4":{"name":"(anonymous_4)","decl":{"start":{"line":47,"column":13},"end":{"line":47,"column":66}},"loc":{"start":{"line":47,"column":82},"end":{"line":149,"column":null}},"line":47},"5":{"name":"(anonymous_5)","decl":{"start":{"line":52,"column":8},"end":{"line":52,"column":13}},"loc":{"start":{"line":52,"column":67},"end":{"line":71,"column":null}},"line":52},"6":{"name":"(anonymous_6)","decl":{"start":{"line":74,"column":8},"end":{"line":74,"column":10}},"loc":{"start":{"line":74,"column":24},"end":{"line":75,"column":null}},"line":74},"7":{"name":"(anonymous_7)","decl":{"start":{"line":77,"column":8},"end":{"line":77,"column":11}},"loc":{"start":{"line":77,"column":25},"end":{"line":78,"column":null}},"line":77},"8":{"name":"(anonymous_8)","decl":{"start":{"line":80,"column":8},"end":{"line":80,"column":11}},"loc":{"start":{"line":80,"column":25},"end":{"line":81,"column":null}},"line":80},"9":{"name":"(anonymous_9)","decl":{"start":{"line":83,"column":8},"end":{"line":83,"column":11}},"loc":{"start":{"line":83,"column":25},"end":{"line":84,"column":null}},"line":83},"10":{"name":"(anonymous_10)","decl":{"start":{"line":86,"column":8},"end":{"line":86,"column":11}},"loc":{"start":{"line":86,"column":25},"end":{"line":87,"column":null}},"line":86},"11":{"name":"(anonymous_11)","decl":{"start":{"line":89,"column":8},"end":{"line":89,"column":11}},"loc":{"start":{"line":89,"column":25},"end":{"line":90,"column":null}},"line":89},"12":{"name":"(anonymous_12)","decl":{"start":{"line":92,"column":8},"end":{"line":92,"column":11}},"loc":{"start":{"line":92,"column":25},"end":{"line":93,"column":null}},"line":92},"13":{"name":"(anonymous_13)","decl":{"start":{"line":95,"column":8},"end":{"line":95,"column":11}},"loc":{"start":{"line":95,"column":25},"end":{"line":96,"column":null}},"line":95},"14":{"name":"(anonymous_14)","decl":{"start":{"line":98,"column":8},"end":{"line":98,"column":19}},"loc":{"start":{"line":98,"column":33},"end":{"line":99,"column":null}},"line":98},"15":{"name":"(anonymous_15)","decl":{"start":{"line":101,"column":8},"end":{"line":101,"column":14}},"loc":{"start":{"line":101,"column":28},"end":{"line":105,"column":null}},"line":101},"16":{"name":"(anonymous_16)","decl":{"start":{"line":108,"column":8},"end":{"line":108,"column":14}},"loc":{"start":{"line":108,"column":28},"end":{"line":109,"column":null}},"line":108},"17":{"name":"(anonymous_17)","decl":{"start":{"line":111,"column":8},"end":{"line":111,"column":14}},"loc":{"start":{"line":111,"column":28},"end":{"line":112,"column":null}},"line":111},"18":{"name":"(anonymous_18)","decl":{"start":{"line":114,"column":8},"end":{"line":114,"column":11}},"loc":{"start":{"line":114,"column":25},"end":{"line":115,"column":null}},"line":114},"19":{"name":"(anonymous_19)","decl":{"start":{"line":117,"column":8},"end":{"line":117,"column":11}},"loc":{"start":{"line":117,"column":25},"end":{"line":118,"column":null}},"line":117},"20":{"name":"(anonymous_20)","decl":{"start":{"line":120,"column":8},"end":{"line":120,"column":11}},"loc":{"start":{"line":120,"column":25},"end":{"line":121,"column":null}},"line":120},"21":{"name":"(anonymous_21)","decl":{"start":{"line":123,"column":8},"end":{"line":123,"column":10}},"loc":{"start":{"line":123,"column":30},"end":{"line":134,"column":null}},"line":123},"22":{"name":"(anonymous_22)","decl":{"start":{"line":137,"column":8},"end":{"line":137,"column":13}},"loc":{"start":{"line":137,"column":13},"end":{"line":138,"column":null}},"line":137},"23":{"name":"(anonymous_23)","decl":{"start":{"line":140,"column":8},"end":{"line":140,"column":15}},"loc":{"start":{"line":140,"column":29},"end":{"line":141,"column":null}},"line":140},"24":{"name":"(anonymous_24)","decl":{"start":{"line":143,"column":8},"end":{"line":143,"column":11}},"loc":{"start":{"line":143,"column":25},"end":{"line":144,"column":null}},"line":143}},"branchMap":{"0":{"loc":{"start":{"line":31,"column":40},"end":{"line":31,"column":66}},"type":"binary-expr","locations":[{"start":{"line":31,"column":40},"end":{"line":31,"column":52}},{"start":{"line":31,"column":52},"end":{"line":31,"column":66}}],"line":31},"1":{"loc":{"start":{"line":33,"column":11},"end":{"line":34,"column":20}},"type":"cond-expr","locations":[{"start":{"line":33,"column":20},"end":{"line":33,"column":57}},{"start":{"line":33,"column":56},"end":{"line":34,"column":20}}],"line":33},"2":{"loc":{"start":{"line":34,"column":11},"end":{"line":34,"column":null}},"type":"cond-expr","locations":[{"start":{"line":34,"column":20},"end":{"line":34,"column":32}},{"start":{"line":34,"column":32},"end":{"line":34,"column":null}}],"line":34},"3":{"loc":{"start":{"line":53,"column":46},"end":{"line":53,"column":62}},"type":"binary-expr","locations":[{"start":{"line":53,"column":46},"end":{"line":53,"column":59}},{"start":{"line":53,"column":59},"end":{"line":53,"column":62}}],"line":53},"4":{"loc":{"start":{"line":54,"column":10},"end":{"line":58,"column":null}},"type":"if","locations":[{"start":{"line":54,"column":10},"end":{"line":58,"column":null}},{"start":{},"end":{}}],"line":54},"5":{"loc":{"start":{"line":61,"column":10},"end":{"line":65,"column":null}},"type":"if","locations":[{"start":{"line":61,"column":10},"end":{"line":65,"column":null}},{"start":{},"end":{}}],"line":61},"6":{"loc":{"start":{"line":126,"column":12},"end":{"line":126,"column":null}},"type":"cond-expr","locations":[{"start":{"line":126,"column":44},"end":{"line":126,"column":65}},{"start":{"line":126,"column":65},"end":{"line":126,"column":null}}],"line":126},"7":{"loc":{"start":{"line":128,"column":10},"end":{"line":129,"column":null}},"type":"if","locations":[{"start":{"line":128,"column":10},"end":{"line":129,"column":null}},{"start":{},"end":{}}],"line":128}},"s":{"0":0,"1":0,"2":0,"3":0,"4":0,"5":0,"6":0,"7":2,"8":0,"9":0,"10":0,"11":0,"12":0,"13":0,"14":0,"15":0,"16":0,"17":0,"18":0,"19":0,"20":0,"21":0,"22":0,"23":0,"24":0,"25":0,"26":0,"27":0,"28":0,"29":0,"30":0,"31":0,"32":0,"33":0,"34":0,"35":0,"36":0},"f":{"0":0,"1":0,"2":0,"3":0,"4":0,"5":0,"6":0,"7":0,"8":0,"9":0,"10":0,"11":0,"12":0,"13":0,"14":0,"15":0,"16":0,"17":0,"18":0,"19":0,"20":0,"21":0,"22":0,"23":0,"24":0},"b":{"0":[0,0],"1":[0,0],"2":[0,0],"3":[0,0],"4":[0,0],"5":[0,0],"6":[0,0],"7":[0,0]},"meta":{"lastBranch":8,"lastFunction":25,"lastStatement":37,"seen":{"f:18:9:18:19":0,"s:19:17:19:45":0,"s:21:8:25:Infinity":1,"f:21:8:21:27":1,"s:22:4:25:Infinity":2,"f:22:44:22:55":2,"s:23:6:23:Infinity":3,"s:24:6:24:Infinity":4,"f:24:6:24:23":3,"s:24:23:24:39":5,"s:28:2:42:Infinity":6,"b:31:40:31:52:31:52:31:66":0,"b:33:20:33:57:33:56:34:20":1,"b:34:20:34:32:34:32:34:Infinity":2,"s:47:13:149:Infinity":7,"f:47:13:47:66":4,"s:48:2:149:Infinity":8,"f:52:8:52:13":5,"s:53:24:53:62":9,"b:53:46:53:59:53:59:53:62":3,"b:54:10:58:Infinity:undefined:undefined:undefined:undefined":4,"s:54:10:58:Infinity":10,"s:55:12:58:Infinity":11,"b:61:10:65:Infinity:undefined:undefined:undefined:undefined":5,"s:61:10:65:Infinity":12,"s:62:12:65:Infinity":13,"s:68:10:71:Infinity":14,"f:74:8:74:10":6,"s:75:10:75:Infinity":15,"f:77:8:77:11":7,"s:78:10:78:Infinity":16,"f:80:8:80:11":8,"s:81:10:81:Infinity":17,"f:83:8:83:11":9,"s:84:10:84:Infinity":18,"f:86:8:86:11":10,"s:87:10:87:Infinity":19,"f:89:8:89:11":11,"s:90:10:90:Infinity":20,"f:92:8:92:11":12,"s:93:10:93:Infinity":21,"f:95:8:95:11":13,"s:96:10:96:Infinity":22,"f:98:8:98:19":14,"s:99:10:99:Infinity":23,"f:101:8:101:14":15,"s:102:10:105:Infinity":24,"f:108:8:108:14":16,"s:109:10:109:Infinity":25,"f:111:8:111:14":17,"s:112:10:112:Infinity":26,"f:114:8:114:11":18,"s:115:10:115:Infinity":27,"f:117:8:117:11":19,"s:118:10:118:Infinity":28,"f:120:8:120:11":20,"s:121:10:121:Infinity":29,"f:123:8:123:10":21,"s:124:16:126:Infinity":30,"b:126:44:126:65:126:65:126:Infinity":6,"b:128:10:129:Infinity:undefined:undefined:undefined:undefined":7,"s:128:10:129:Infinity":31,"s:129:12:129:Infinity":32,"s:131:10:134:Infinity":33,"f:137:8:137:13":22,"s:138:10:138:Infinity":34,"f:140:8:140:15":23,"s:141:10:141:Infinity":35,"f:143:8:143:11":24,"s:144:10:144:Infinity":36}}}
,"/Users/geguo/Desktop/AP/aria-web/src/components/PageTitle.tsx": {"path":"/Users/geguo/Desktop/AP/aria-web/src/components/PageTitle.tsx","statementMap":{"0":{"start":{"line":9,"column":20},"end":{"line":9,"column":null}},"1":{"start":{"line":10,"column":2},"end":{"line":13,"column":null}}},"fnMap":{"0":{"name":"PageTitle","decl":{"start":{"line":8,"column":16},"end":{"line":8,"column":26}},"loc":{"start":{"line":8,"column":73},"end":{"line":13,"column":null}},"line":8}},"branchMap":{"0":{"loc":{"start":{"line":8,"column":35},"end":{"line":8,"column":73}},"type":"default-arg","locations":[{"start":{"line":8,"column":44},"end":{"line":8,"column":73}}],"line":8},"1":{"loc":{"start":{"line":9,"column":20},"end":{"line":9,"column":null}},"type":"cond-expr","locations":[{"start":{"line":9,"column":28},"end":{"line":9,"column":53}},{"start":{"line":9,"column":53},"end":{"line":9,"column":null}}],"line":9}},"s":{"0":7,"1":7},"f":{"0":7},"b":{"0":[7],"1":[6,1]},"meta":{"lastBranch":2,"lastFunction":1,"lastStatement":2,"seen":{"f:8:16:8:26":0,"b:8:44:8:73":0,"s:9:20:9:Infinity":0,"b:9:28:9:53:9:53:9:Infinity":1,"s:10:2:13:Infinity":1}}}
,"/Users/geguo/Desktop/AP/aria-web/src/components/ServiceErrorState.tsx": {"path":"/Users/geguo/Desktop/AP/aria-web/src/components/ServiceErrorState.tsx","statementMap":{"0":{"start":{"line":43,"column":2},"end":{"line":120,"column":null}},"1":{"start":{"line":66,"column":16},"end":{"line":76,"column":null}},"2":{"start":{"line":91,"column":18},"end":{"line":91,"column":null}},"3":{"start":{"line":101,"column":20},"end":{"line":112,"column":null}}},"fnMap":{"0":{"name":"ServiceErrorState","decl":{"start":{"line":18,"column":16},"end":{"line":18,"column":34}},"loc":{"start":{"line":42,"column":3},"end":{"line":120,"column":null}},"line":42},"1":{"name":"(anonymous_1)","decl":{"start":{"line":65,"column":23},"end":{"line":65,"column":28}},"loc":{"start":{"line":66,"column":16},"end":{"line":76,"column":null}},"line":66},"2":{"name":"(anonymous_2)","decl":{"start":{"line":90,"column":23},"end":{"line":90,"column":28}},"loc":{"start":{"line":91,"column":18},"end":{"line":91,"column":null}},"line":91},"3":{"name":"(anonymous_3)","decl":{"start":{"line":100,"column":25},"end":{"line":100,"column":30}},"loc":{"start":{"line":101,"column":20},"end":{"line":112,"column":null}},"line":101}},"branchMap":{"0":{"loc":{"start":{"line":23,"column":2},"end":{"line":23,"column":null}},"type":"default-arg","locations":[{"start":{"line":23,"column":16},"end":{"line":23,"column":null}}],"line":23},"1":{"loc":{"start":{"line":26,"column":2},"end":{"line":26,"column":12}},"type":"default-arg","locations":[{"start":{"line":26,"column":10},"end":{"line":26,"column":12}}],"line":26},"2":{"loc":{"start":{"line":27,"column":2},"end":{"line":27,"column":null}},"type":"default-arg","locations":[{"start":{"line":27,"column":15},"end":{"line":27,"column":null}}],"line":27},"3":{"loc":{"start":{"line":28,"column":2},"end":{"line":28,"column":null}},"type":"default-arg","locations":[{"start":{"line":28,"column":23},"end":{"line":28,"column":null}}],"line":28},"4":{"loc":{"start":{"line":49,"column":14},"end":{"line":49,"column":null}},"type":"cond-expr","locations":[{"start":{"line":49,"column":35},"end":{"line":49,"column":67}},{"start":{"line":49,"column":67},"end":{"line":49,"column":null}}],"line":49},"5":{"loc":{"start":{"line":51,"column":15},"end":{"line":52,"column":null}},"type":"cond-expr","locations":[{"start":{"line":51,"column":36},"end":{"line":51,"column":79}},{"start":{"line":51,"column":78},"end":{"line":52,"column":null}}],"line":51},"6":{"loc":{"start":{"line":57,"column":13},"end":{"line":62,"column":null}},"type":"cond-expr","locations":[{"start":{"line":58,"column":14},"end":{"line":62,"column":null}},{"start":{"line":62,"column":16},"end":{"line":62,"column":null}}],"line":57},"7":{"loc":{"start":{"line":70,"column":29},"end":{"line":72,"column":null}},"type":"cond-expr","locations":[{"start":{"line":71,"column":22},"end":{"line":71,"column":null}},{"start":{"line":72,"column":22},"end":{"line":72,"column":null}}],"line":70},"8":{"loc":{"start":{"line":84,"column":16},"end":{"line":84,"column":null}},"type":"cond-expr","locations":[{"start":{"line":84,"column":37},"end":{"line":84,"column":69}},{"start":{"line":84,"column":69},"end":{"line":84,"column":null}}],"line":84},"9":{"loc":{"start":{"line":86,"column":17},"end":{"line":86,"column":null}},"type":"cond-expr","locations":[{"start":{"line":86,"column":38},"end":{"line":86,"column":77}},{"start":{"line":86,"column":76},"end":{"line":86,"column":null}}],"line":86},"10":{"loc":{"start":{"line":96,"column":13},"end":{"line":116,"column":null}},"type":"cond-expr","locations":[{"start":{"line":97,"column":14},"end":{"line":116,"column":null}},{"start":{"line":116,"column":16},"end":{"line":116,"column":null}}],"line":96}},"s":{"0":9,"1":17,"2":18,"3":2},"f":{"0":9,"1":17,"2":18,"3":2},"b":{"0":[9],"1":[9],"2":[9],"3":[9],"4":[0,9],"5":[0,9],"6":[1,8],"7":[8,9],"8":[0,9],"9":[0,9],"10":[2,7]},"meta":{"lastBranch":11,"lastFunction":4,"lastStatement":4,"seen":{"f:18:16:18:34":0,"b:23:16:23:Infinity":0,"b:26:10:26:12":1,"b:27:15:27:Infinity":2,"b:28:23:28:Infinity":3,"s:43:2:120:Infinity":0,"b:49:35:49:67:49:67:49:Infinity":4,"b:51:36:51:79:51:78:52:Infinity":5,"b:58:14:62:Infinity:62:16:62:Infinity":6,"f:65:23:65:28":1,"s:66:16:76:Infinity":1,"b:71:22:71:Infinity:72:22:72:Infinity":7,"b:84:37:84:69:84:69:84:Infinity":8,"b:86:38:86:77:86:76:86:Infinity":9,"f:90:23:90:28":2,"s:91:18:91:Infinity":2,"b:97:14:116:Infinity:116:16:116:Infinity":10,"f:100:25:100:30":3,"s:101:20:112:Infinity":3}}}
,"/Users/geguo/Desktop/AP/aria-web/src/components/Sidebar.tsx": {"path":"/Users/geguo/Desktop/AP/aria-web/src/components/Sidebar.tsx","statementMap":{"0":{"start":{"line":17,"column":8},"end":{"line":17,"column":32}},"1":{"start":{"line":18,"column":10},"end":{"line":18,"column":32}},"2":{"start":{"line":20,"column":19},"end":{"line":27,"column":null}},"3":{"start":{"line":29,"column":8},"end":{"line":31,"column":null}},"4":{"start":{"line":30,"column":4},"end":{"line":30,"column":null}},"5":{"start":{"line":31,"column":4},"end":{"line":31,"column":null}},"6":{"start":{"line":34,"column":2},"end":{"line":97,"column":null}},"7":{"start":{"line":49,"column":25},"end":{"line":49,"column":42}},"8":{"start":{"line":60,"column":10},"end":{"line":73,"column":null}},"9":{"start":{"line":64,"column":14},"end":{"line":67,"column":null}},"10":{"start":{"line":82,"column":12},"end":{"line":85,"column":null}}},"fnMap":{"0":{"name":"Sidebar","decl":{"start":{"line":16,"column":16},"end":{"line":16,"column":26}},"loc":{"start":{"line":16,"column":26},"end":{"line":97,"column":null}},"line":16},"1":{"name":"(anonymous_1)","decl":{"start":{"line":29,"column":8},"end":{"line":29,"column":29}},"loc":{"start":{"line":29,"column":29},"end":{"line":31,"column":null}},"line":29},"2":{"name":"(anonymous_2)","decl":{"start":{"line":49,"column":10},"end":{"line":49,"column":25}},"loc":{"start":{"line":49,"column":25},"end":{"line":49,"column":42}},"line":49},"3":{"name":"(anonymous_3)","decl":{"start":{"line":59,"column":18},"end":{"line":59,"column":23}},"loc":{"start":{"line":60,"column":10},"end":{"line":73,"column":null}},"line":60},"4":{"name":"(anonymous_4)","decl":{"start":{"line":63,"column":12},"end":{"line":63,"column":24}},"loc":{"start":{"line":64,"column":14},"end":{"line":67,"column":null}},"line":64},"5":{"name":"(anonymous_5)","decl":{"start":{"line":81,"column":10},"end":{"line":81,"column":22}},"loc":{"start":{"line":82,"column":12},"end":{"line":85,"column":null}},"line":82}},"branchMap":{"0":{"loc":{"start":{"line":24,"column":48},"end":{"line":24,"column":74}},"type":"binary-expr","locations":[{"start":{"line":24,"column":48},"end":{"line":24,"column":64}},{"start":{"line":24,"column":68},"end":{"line":24,"column":74}}],"line":24},"1":{"loc":{"start":{"line":26,"column":42},"end":{"line":26,"column":null}},"type":"binary-expr","locations":[{"start":{"line":26,"column":42},"end":{"line":26,"column":56}},{"start":{"line":26,"column":60},"end":{"line":26,"column":null}}],"line":26},"2":{"loc":{"start":{"line":53,"column":11},"end":{"line":53,"column":null}},"type":"binary-expr","locations":[{"start":{"line":53,"column":11},"end":{"line":53,"column":27}},{"start":{"line":53,"column":31},"end":{"line":53,"column":null}}],"line":53},"3":{"loc":{"start":{"line":65,"column":16},"end":{"line":67,"column":null}},"type":"cond-expr","locations":[{"start":{"line":66,"column":20},"end":{"line":66,"column":null}},{"start":{"line":67,"column":20},"end":{"line":67,"column":null}}],"line":65},"4":{"loc":{"start":{"line":83,"column":14},"end":{"line":85,"column":null}},"type":"cond-expr","locations":[{"start":{"line":84,"column":18},"end":{"line":84,"column":null}},{"start":{"line":85,"column":18},"end":{"line":85,"column":null}}],"line":83},"5":{"loc":{"start":{"line":97,"column":11},"end":{"line":97,"column":null}},"type":"binary-expr","locations":[{"start":{"line":97,"column":11},"end":{"line":97,"column":32}},{"start":{"line":97,"column":36},"end":{"line":97,"column":null}}],"line":97}},"s":{"0":0,"1":0,"2":0,"3":0,"4":0,"5":0,"6":0,"7":0,"8":0,"9":0,"10":0},"f":{"0":0,"1":0,"2":0,"3":0,"4":0,"5":0},"b":{"0":[0,0],"1":[0,0],"2":[0,0],"3":[0,0],"4":[0,0],"5":[0,0]},"meta":{"lastBranch":6,"lastFunction":6,"lastStatement":11,"seen":{"f:16:16:16:26":0,"s:17:8:17:32":0,"s:18:10:18:32":1,"s:20:19:27:Infinity":2,"b:24:48:24:64:24:68:24:74":0,"b:26:42:26:56:26:60:26:Infinity":1,"s:29:8:31:Infinity":3,"f:29:8:29:29":1,"s:30:4:30:Infinity":4,"s:31:4:31:Infinity":5,"s:34:2:97:Infinity":6,"f:49:10:49:25":2,"s:49:25:49:42":7,"b:53:11:53:27:53:31:53:Infinity":2,"f:59:18:59:23":3,"s:60:10:73:Infinity":8,"f:63:12:63:24":4,"s:64:14:67:Infinity":9,"b:66:20:66:Infinity:67:20:67:Infinity":3,"f:81:10:81:22":5,"s:82:12:85:Infinity":10,"b:84:18:84:Infinity:85:18:85:Infinity":4,"b:97:11:97:32:97:36:97:Infinity":5}}}
,"/Users/geguo/Desktop/AP/aria-web/src/components/ThemeToggle.tsx": {"path":"/Users/geguo/Desktop/AP/aria-web/src/components/ThemeToggle.tsx","statementMap":{"0":{"start":{"line":5,"column":17},"end":{"line":5,"column":40}},"1":{"start":{"line":7,"column":18},"end":{"line":11,"column":null}},"2":{"start":{"line":13,"column":2},"end":{"line":29,"column":null}},"3":{"start":{"line":16,"column":8},"end":{"line":27,"column":null}},"4":{"start":{"line":18,"column":25},"end":{"line":18,"column":40}}},"fnMap":{"0":{"name":"ThemeToggle","decl":{"start":{"line":4,"column":16},"end":{"line":4,"column":30}},"loc":{"start":{"line":4,"column":30},"end":{"line":29,"column":null}},"line":4},"1":{"name":"(anonymous_1)","decl":{"start":{"line":15,"column":15},"end":{"line":15,"column":20}},"loc":{"start":{"line":16,"column":8},"end":{"line":27,"column":null}},"line":16},"2":{"name":"(anonymous_2)","decl":{"start":{"line":18,"column":10},"end":{"line":18,"column":25}},"loc":{"start":{"line":18,"column":25},"end":{"line":18,"column":40}},"line":18}},"branchMap":{"0":{"loc":{"start":{"line":21,"column":12},"end":{"line":23,"column":null}},"type":"cond-expr","locations":[{"start":{"line":22,"column":16},"end":{"line":22,"column":null}},{"start":{"line":23,"column":16},"end":{"line":23,"column":null}}],"line":21}},"s":{"0":9,"1":9,"2":9,"3":27,"4":2},"f":{"0":9,"1":27,"2":2},"b":{"0":[9,18]},"meta":{"lastBranch":1,"lastFunction":3,"lastStatement":5,"seen":{"f:4:16:4:30":0,"s:5:17:5:40":0,"s:7:18:11:Infinity":1,"s:13:2:29:Infinity":2,"f:15:15:15:20":1,"s:16:8:27:Infinity":3,"f:18:10:18:25":2,"s:18:25:18:40":4,"b:22:16:22:Infinity:23:16:23:Infinity":0}}}
,"/Users/geguo/Desktop/AP/aria-web/src/components/markdownSecurity.ts": {"path":"/Users/geguo/Desktop/AP/aria-web/src/components/markdownSecurity.ts","statementMap":{"0":{"start":{"line":1,"column":37},"end":{"line":1,"column":null}},"1":{"start":{"line":7,"column":8},"end":{"line":7,"column":37}},"2":{"start":{"line":8,"column":2},"end":{"line":8,"column":null}},"3":{"start":{"line":8,"column":16},"end":{"line":8,"column":null}},"4":{"start":{"line":9,"column":2},"end":{"line":9,"column":null}},"5":{"start":{"line":9,"column":58},"end":{"line":9,"column":null}},"6":{"start":{"line":11,"column":2},"end":{"line":17,"column":null}},"7":{"start":{"line":12,"column":19},"end":{"line":12,"column":43}},"8":{"start":{"line":13,"column":4},"end":{"line":14,"column":null}},"9":{"start":{"line":14,"column":6},"end":{"line":14,"column":null}},"10":{"start":{"line":17,"column":4},"end":{"line":17,"column":null}},"11":{"start":{"line":20,"column":2},"end":{"line":20,"column":null}}},"fnMap":{"0":{"name":"sanitizeMarkdownHref","decl":{"start":{"line":3,"column":16},"end":{"line":3,"column":null}},"loc":{"start":{"line":6,"column":2},"end":{"line":20,"column":null}},"line":6}},"branchMap":{"0":{"loc":{"start":{"line":5,"column":2},"end":{"line":5,"column":null}},"type":"default-arg","locations":[{"start":{"line":5,"column":11},"end":{"line":5,"column":null}}],"line":5},"1":{"loc":{"start":{"line":7,"column":19},"end":{"line":7,"column":31}},"type":"binary-expr","locations":[{"start":{"line":7,"column":19},"end":{"line":7,"column":27}},{"start":{"line":7,"column":27},"end":{"line":7,"column":31}}],"line":7},"2":{"loc":{"start":{"line":8,"column":2},"end":{"line":8,"column":null}},"type":"if","locations":[{"start":{"line":8,"column":2},"end":{"line":8,"column":null}},{"start":{},"end":{}}],"line":8},"3":{"loc":{"start":{"line":9,"column":2},"end":{"line":9,"column":null}},"type":"if","locations":[{"start":{"line":9,"column":2},"end":{"line":9,"column":null}},{"start":{},"end":{}}],"line":9},"4":{"loc":{"start":{"line":9,"column":6},"end":{"line":9,"column":56}},"type":"binary-expr","locations":[{"start":{"line":9,"column":6},"end":{"line":9,"column":29}},{"start":{"line":9,"column":33},"end":{"line":9,"column":56}}],"line":9},"5":{"loc":{"start":{"line":13,"column":4},"end":{"line":14,"column":null}},"type":"if","locations":[{"start":{"line":13,"column":4},"end":{"line":14,"column":null}},{"start":{},"end":{}}],"line":13}},"s":{"0":3,"1":16,"2":16,"3":4,"4":12,"5":4,"6":8,"7":8,"8":8,"9":6,"10":0,"11":2},"f":{"0":16},"b":{"0":[16],"1":[16,3],"2":[4,12],"3":[4,8],"4":[12,10],"5":[6,2]},"meta":{"lastBranch":6,"lastFunction":1,"lastStatement":12,"seen":{"s:1:37:1:Infinity":0,"f:3:16:3:Infinity":0,"b:5:11:5:Infinity":0,"s:7:8:7:37":1,"b:7:19:7:27:7:27:7:31":1,"b:8:2:8:Infinity:undefined:undefined:undefined:undefined":2,"s:8:2:8:Infinity":2,"s:8:16:8:Infinity":3,"b:9:2:9:Infinity:undefined:undefined:undefined:undefined":3,"s:9:2:9:Infinity":4,"b:9:6:9:29:9:33:9:56":4,"s:9:58:9:Infinity":5,"s:11:2:17:Infinity":6,"s:12:19:12:43":7,"b:13:4:14:Infinity:undefined:undefined:undefined:undefined":5,"s:13:4:14:Infinity":8,"s:14:6:14:Infinity":9,"s:17:4:17:Infinity":10,"s:20:2:20:Infinity":11}}}
,"/Users/geguo/Desktop/AP/aria-web/src/config/api.ts": {"path":"/Users/geguo/Desktop/AP/aria-web/src/config/api.ts","statementMap":{"0":{"start":{"line":11,"column":24},"end":{"line":11,"column":null}},"1":{"start":{"line":12,"column":25},"end":{"line":12,"column":null}},"2":{"start":{"line":16,"column":2},"end":{"line":16,"column":null}},"3":{"start":{"line":21,"column":2},"end":{"line":21,"column":null}},"4":{"start":{"line":35,"column":19},"end":{"line":35,"column":51}},"5":{"start":{"line":36,"column":2},"end":{"line":37,"column":null}},"6":{"start":{"line":37,"column":4},"end":{"line":37,"column":null}},"7":{"start":{"line":41,"column":17},"end":{"line":41,"column":null}},"8":{"start":{"line":42,"column":2},"end":{"line":43,"column":null}},"9":{"start":{"line":43,"column":4},"end":{"line":43,"column":null}},"10":{"start":{"line":47,"column":2},"end":{"line":47,"column":null}},"11":{"start":{"line":52,"column":2},"end":{"line":52,"column":null}},"12":{"start":{"line":56,"column":18},"end":{"line":56,"column":32}},"13":{"start":{"line":59,"column":2},"end":{"line":59,"column":null}},"14":{"start":{"line":63,"column":2},"end":{"line":63,"column":null}},"15":{"start":{"line":65,"column":2},"end":{"line":65,"column":null}},"16":{"start":{"line":69,"column":2},"end":{"line":69,"column":null}},"17":{"start":{"line":70,"column":2},"end":{"line":70,"column":null}},"18":{"start":{"line":75,"column":17},"end":{"line":75,"column":null}},"19":{"start":{"line":76,"column":19},"end":{"line":76,"column":46}},"20":{"start":{"line":77,"column":2},"end":{"line":79,"column":null}},"21":{"start":{"line":78,"column":4},"end":{"line":78,"column":null}},"22":{"start":{"line":79,"column":4},"end":{"line":79,"column":null}},"23":{"start":{"line":84,"column":0},"end":{"line":84,"column":null}}},"fnMap":{"0":{"name":"isProduction","decl":{"start":{"line":15,"column":9},"end":{"line":15,"column":33}},"loc":{"start":{"line":15,"column":33},"end":{"line":16,"column":null}},"line":15},"1":{"name":"getDefaultUrl","decl":{"start":{"line":20,"column":9},"end":{"line":20,"column":33}},"loc":{"start":{"line":20,"column":33},"end":{"line":21,"column":null}},"line":20},"2":{"name":"getApiConfig","decl":{"start":{"line":33,"column":16},"end":{"line":33,"column":42}},"loc":{"start":{"line":33,"column":42},"end":{"line":47,"column":null}},"line":33},"3":{"name":"getApiBaseUrl","decl":{"start":{"line":51,"column":16},"end":{"line":51,"column":40}},"loc":{"start":{"line":51,"column":40},"end":{"line":52,"column":null}},"line":51},"4":{"name":"getApiBaseUrlForAxios","decl":{"start":{"line":55,"column":16},"end":{"line":55,"column":48}},"loc":{"start":{"line":55,"column":48},"end":{"line":59,"column":null}},"line":55},"5":{"name":"saveApiBaseUrl","decl":{"start":{"line":62,"column":16},"end":{"line":62,"column":31}},"loc":{"start":{"line":62,"column":50},"end":{"line":65,"column":null}},"line":62},"6":{"name":"resetApiBaseUrl","decl":{"start":{"line":68,"column":16},"end":{"line":68,"column":40}},"loc":{"start":{"line":68,"column":40},"end":{"line":70,"column":null}},"line":68},"7":{"name":"migrateOldServerUrl","decl":{"start":{"line":74,"column":16},"end":{"line":74,"column":44}},"loc":{"start":{"line":74,"column":44},"end":{"line":79,"column":null}},"line":74}},"branchMap":{"0":{"loc":{"start":{"line":16,"column":9},"end":{"line":16,"column":null}},"type":"binary-expr","locations":[{"start":{"line":16,"column":9},"end":{"line":16,"column":33}},{"start":{"line":16,"column":33},"end":{"line":16,"column":null}}],"line":16},"1":{"loc":{"start":{"line":21,"column":9},"end":{"line":21,"column":null}},"type":"cond-expr","locations":[{"start":{"line":21,"column":26},"end":{"line":21,"column":45}},{"start":{"line":21,"column":45},"end":{"line":21,"column":null}}],"line":21},"2":{"loc":{"start":{"line":36,"column":2},"end":{"line":37,"column":null}},"type":"if","locations":[{"start":{"line":36,"column":2},"end":{"line":37,"column":null}},{"start":{},"end":{}}],"line":36},"3":{"loc":{"start":{"line":42,"column":2},"end":{"line":43,"column":null}},"type":"if","locations":[{"start":{"line":42,"column":2},"end":{"line":43,"column":null}},{"start":{},"end":{}}],"line":42},"4":{"loc":{"start":{"line":77,"column":2},"end":{"line":79,"column":null}},"type":"if","locations":[{"start":{"line":77,"column":2},"end":{"line":79,"column":null}},{"start":{},"end":{}}],"line":77},"5":{"loc":{"start":{"line":77,"column":6},"end":{"line":77,"column":52}},"type":"binary-expr","locations":[{"start":{"line":77,"column":6},"end":{"line":77,"column":18}},{"start":{"line":77,"column":18},"end":{"line":77,"column":52}}],"line":77}},"s":{"0":3,"1":3,"2":3,"3":3,"4":9,"5":9,"6":6,"7":3,"8":9,"9":0,"10":3,"11":5,"12":3,"13":3,"14":2,"15":2,"16":2,"17":2,"18":6,"19":6,"20":6,"21":1,"22":1,"23":3},"f":{"0":3,"1":3,"2":9,"3":5,"4":3,"5":2,"6":2,"7":6},"b":{"0":[3,3],"1":[0,3],"2":[6,3],"3":[0,9],"4":[1,5],"5":[6,2]},"meta":{"lastBranch":6,"lastFunction":8,"lastStatement":24,"seen":{"s:11:24:11:Infinity":0,"s:12:25:12:Infinity":1,"f:15:9:15:33":0,"s:16:2:16:Infinity":2,"b:16:9:16:33:16:33:16:Infinity":0,"f:20:9:20:33":1,"s:21:2:21:Infinity":3,"b:21:26:21:45:21:45:21:Infinity":1,"f:33:16:33:42":2,"s:35:19:35:51":4,"b:36:2:37:Infinity:undefined:undefined:undefined:undefined":2,"s:36:2:37:Infinity":5,"s:37:4:37:Infinity":6,"s:41:17:41:Infinity":7,"b:42:2:43:Infinity:undefined:undefined:undefined:undefined":3,"s:42:2:43:Infinity":8,"s:43:4:43:Infinity":9,"s:47:2:47:Infinity":10,"f:51:16:51:40":3,"s:52:2:52:Infinity":11,"f:55:16:55:48":4,"s:56:18:56:32":12,"s:59:2:59:Infinity":13,"f:62:16:62:31":5,"s:63:2:63:Infinity":14,"s:65:2:65:Infinity":15,"f:68:16:68:40":6,"s:69:2:69:Infinity":16,"s:70:2:70:Infinity":17,"f:74:16:74:44":7,"s:75:17:75:Infinity":18,"s:76:19:76:46":19,"b:77:2:79:Infinity:undefined:undefined:undefined:undefined":4,"s:77:2:79:Infinity":20,"b:77:6:77:18:77:18:77:52":5,"s:78:4:78:Infinity":21,"s:79:4:79:Infinity":22,"s:84:0:84:Infinity":23}}}
,"/Users/geguo/Desktop/AP/aria-web/src/contexts/AuthContext.tsx": {"path":"/Users/geguo/Desktop/AP/aria-web/src/contexts/AuthContext.tsx","statementMap":{"0":{"start":{"line":9,"column":6},"end":{"line":9,"column":73}},"1":{"start":{"line":12,"column":26},"end":{"line":12,"column":99}},"2":{"start":{"line":12,"column":63},"end":{"line":12,"column":98}},"3":{"start":{"line":14,"column":2},"end":{"line":27,"column":null}},"4":{"start":{"line":15,"column":10},"end":{"line":16,"column":null}},"5":{"start":{"line":16,"column":6},"end":{"line":16,"column":null}},"6":{"start":{"line":18,"column":10},"end":{"line":19,"column":null}},"7":{"start":{"line":19,"column":6},"end":{"line":19,"column":null}},"8":{"start":{"line":21,"column":4},"end":{"line":21,"column":null}},"9":{"start":{"line":22,"column":4},"end":{"line":22,"column":null}},"10":{"start":{"line":23,"column":4},"end":{"line":25,"column":null}},"11":{"start":{"line":24,"column":6},"end":{"line":24,"column":null}},"12":{"start":{"line":25,"column":6},"end":{"line":25,"column":null}},"13":{"start":{"line":29,"column":8},"end":{"line":32,"column":null}},"14":{"start":{"line":30,"column":4},"end":{"line":30,"column":null}},"15":{"start":{"line":31,"column":4},"end":{"line":31,"column":null}},"16":{"start":{"line":32,"column":4},"end":{"line":32,"column":null}},"17":{"start":{"line":35,"column":8},"end":{"line":38,"column":null}},"18":{"start":{"line":36,"column":4},"end":{"line":36,"column":null}},"19":{"start":{"line":37,"column":4},"end":{"line":37,"column":null}},"20":{"start":{"line":38,"column":4},"end":{"line":38,"column":null}},"21":{"start":{"line":41,"column":2},"end":{"line":44,"column":null}},"22":{"start":{"line":49,"column":8},"end":{"line":49,"column":41}},"23":{"start":{"line":50,"column":2},"end":{"line":51,"column":null}},"24":{"start":{"line":51,"column":4},"end":{"line":51,"column":null}},"25":{"start":{"line":53,"column":2},"end":{"line":53,"column":null}}},"fnMap":{"0":{"name":"AuthProvider","decl":{"start":{"line":11,"column":16},"end":{"line":11,"column":29}},"loc":{"start":{"line":11,"column":68},"end":{"line":44,"column":null}},"line":11},"1":{"name":"(anonymous_1)","decl":{"start":{"line":12,"column":48},"end":{"line":12,"column":63}},"loc":{"start":{"line":12,"column":63},"end":{"line":12,"column":98}},"line":12},"2":{"name":"(anonymous_2)","decl":{"start":{"line":14,"column":2},"end":{"line":14,"column":18}},"loc":{"start":{"line":14,"column":18},"end":{"line":27,"column":7}},"line":14},"3":{"name":"(anonymous_3)","decl":{"start":{"line":15,"column":10},"end":{"line":15,"column":32}},"loc":{"start":{"line":15,"column":32},"end":{"line":16,"column":null}},"line":15},"4":{"name":"(anonymous_4)","decl":{"start":{"line":18,"column":10},"end":{"line":18,"column":31}},"loc":{"start":{"line":18,"column":31},"end":{"line":19,"column":null}},"line":18},"5":{"name":"(anonymous_5)","decl":{"start":{"line":23,"column":4},"end":{"line":23,"column":17}},"loc":{"start":{"line":23,"column":17},"end":{"line":25,"column":null}},"line":23},"6":{"name":"(anonymous_6)","decl":{"start":{"line":29,"column":8},"end":{"line":29,"column":17}},"loc":{"start":{"line":29,"column":50},"end":{"line":32,"column":null}},"line":29},"7":{"name":"(anonymous_7)","decl":{"start":{"line":35,"column":8},"end":{"line":35,"column":23}},"loc":{"start":{"line":35,"column":23},"end":{"line":38,"column":null}},"line":35},"8":{"name":"useAuth","decl":{"start":{"line":48,"column":16},"end":{"line":48,"column":26}},"loc":{"start":{"line":48,"column":26},"end":{"line":53,"column":null}},"line":48}},"branchMap":{"0":{"loc":{"start":{"line":50,"column":2},"end":{"line":51,"column":null}},"type":"if","locations":[{"start":{"line":50,"column":2},"end":{"line":51,"column":null}},{"start":{},"end":{}}],"line":50}},"s":{"0":2,"1":15,"2":12,"3":15,"4":12,"5":0,"6":12,"7":1,"8":12,"9":12,"10":12,"11":12,"12":12,"13":15,"14":1,"15":1,"16":1,"17":15,"18":1,"19":1,"20":1,"21":15,"22":17,"23":17,"24":2,"25":14},"f":{"0":15,"1":12,"2":12,"3":0,"4":1,"5":12,"6":1,"7":1,"8":17},"b":{"0":[2,15]},"meta":{"lastBranch":1,"lastFunction":9,"lastStatement":26,"seen":{"s:9:6:9:73":0,"f:11:16:11:29":0,"s:12:26:12:99":1,"f:12:48:12:63":1,"s:12:63:12:98":2,"s:14:2:27:Infinity":3,"f:14:2:14:18":2,"s:15:10:16:Infinity":4,"f:15:10:15:32":3,"s:16:6:16:Infinity":5,"s:18:10:19:Infinity":6,"f:18:10:18:31":4,"s:19:6:19:Infinity":7,"s:21:4:21:Infinity":8,"s:22:4:22:Infinity":9,"s:23:4:25:Infinity":10,"f:23:4:23:17":5,"s:24:6:24:Infinity":11,"s:25:6:25:Infinity":12,"s:29:8:32:Infinity":13,"f:29:8:29:17":6,"s:30:4:30:Infinity":14,"s:31:4:31:Infinity":15,"s:32:4:32:Infinity":16,"s:35:8:38:Infinity":17,"f:35:8:35:23":7,"s:36:4:36:Infinity":18,"s:37:4:37:Infinity":19,"s:38:4:38:Infinity":20,"s:41:2:44:Infinity":21,"f:48:16:48:26":8,"s:49:8:49:41":22,"b:50:2:51:Infinity:undefined:undefined:undefined:undefined":0,"s:50:2:51:Infinity":23,"s:51:4:51:Infinity":24,"s:53:2:53:Infinity":25}}}
,"/Users/geguo/Desktop/AP/aria-web/src/contexts/ThemeContext.tsx": {"path":"/Users/geguo/Desktop/AP/aria-web/src/contexts/ThemeContext.tsx","statementMap":{"0":{"start":{"line":11,"column":6},"end":{"line":11,"column":75}},"1":{"start":{"line":14,"column":16},"end":{"line":16,"column":null}},"2":{"start":{"line":15,"column":4},"end":{"line":15,"column":null}},"3":{"start":{"line":17,"column":24},"end":{"line":17,"column":79}},"4":{"start":{"line":19,"column":2},"end":{"line":49,"column":null}},"5":{"start":{"line":20,"column":17},"end":{"line":20,"column":null}},"6":{"start":{"line":22,"column":10},"end":{"line":36,"column":null}},"7":{"start":{"line":25,"column":6},"end":{"line":28,"column":null}},"8":{"start":{"line":26,"column":8},"end":{"line":26,"column":null}},"9":{"start":{"line":28,"column":8},"end":{"line":28,"column":null}},"10":{"start":{"line":31,"column":6},"end":{"line":31,"column":null}},"11":{"start":{"line":33,"column":6},"end":{"line":36,"column":null}},"12":{"start":{"line":34,"column":8},"end":{"line":34,"column":null}},"13":{"start":{"line":36,"column":8},"end":{"line":36,"column":null}},"14":{"start":{"line":40,"column":4},"end":{"line":40,"column":null}},"15":{"start":{"line":41,"column":4},"end":{"line":41,"column":null}},"16":{"start":{"line":44,"column":4},"end":{"line":47,"column":null}},"17":{"start":{"line":45,"column":25},"end":{"line":45,"column":74}},"18":{"start":{"line":46,"column":6},"end":{"line":46,"column":null}},"19":{"start":{"line":47,"column":6},"end":{"line":47,"column":null}},"20":{"start":{"line":47,"column":19},"end":{"line":47,"column":72}},"21":{"start":{"line":51,"column":2},"end":{"line":54,"column":null}},"22":{"start":{"line":59,"column":8},"end":{"line":59,"column":42}},"23":{"start":{"line":60,"column":2},"end":{"line":61,"column":null}},"24":{"start":{"line":61,"column":4},"end":{"line":61,"column":null}},"25":{"start":{"line":63,"column":2},"end":{"line":63,"column":null}}},"fnMap":{"0":{"name":"ThemeProvider","decl":{"start":{"line":13,"column":16},"end":{"line":13,"column":30}},"loc":{"start":{"line":13,"column":69},"end":{"line":54,"column":null}},"line":13},"1":{"name":"(anonymous_1)","decl":{"start":{"line":14,"column":28},"end":{"line":14,"column":50}},"loc":{"start":{"line":14,"column":50},"end":{"line":16,"column":null}},"line":14},"2":{"name":"(anonymous_2)","decl":{"start":{"line":19,"column":2},"end":{"line":19,"column":18}},"loc":{"start":{"line":19,"column":18},"end":{"line":49,"column":6}},"line":19},"3":{"name":"(anonymous_3)","decl":{"start":{"line":22,"column":10},"end":{"line":22,"column":30}},"loc":{"start":{"line":22,"column":30},"end":{"line":36,"column":null}},"line":22},"4":{"name":"(anonymous_4)","decl":{"start":{"line":47,"column":6},"end":{"line":47,"column":19}},"loc":{"start":{"line":47,"column":19},"end":{"line":47,"column":72}},"line":47},"5":{"name":"useTheme","decl":{"start":{"line":58,"column":16},"end":{"line":58,"column":27}},"loc":{"start":{"line":58,"column":27},"end":{"line":63,"column":null}},"line":58}},"branchMap":{"0":{"loc":{"start":{"line":15,"column":12},"end":{"line":15,"column":null}},"type":"binary-expr","locations":[{"start":{"line":15,"column":12},"end":{"line":15,"column":41}},{"start":{"line":15,"column":55},"end":{"line":15,"column":null}}],"line":15},"1":{"loc":{"start":{"line":25,"column":6},"end":{"line":28,"column":null}},"type":"if","locations":[{"start":{"line":25,"column":6},"end":{"line":28,"column":null}},{"start":{"line":27,"column":13},"end":{"line":28,"column":null}}],"line":25},"2":{"loc":{"start":{"line":26,"column":19},"end":{"line":26,"column":null}},"type":"cond-expr","locations":[{"start":{"line":26,"column":79},"end":{"line":26,"column":88}},{"start":{"line":26,"column":88},"end":{"line":26,"column":null}}],"line":26},"3":{"loc":{"start":{"line":33,"column":6},"end":{"line":36,"column":null}},"type":"if","locations":[{"start":{"line":33,"column":6},"end":{"line":36,"column":null}},{"start":{"line":35,"column":13},"end":{"line":36,"column":null}}],"line":33},"4":{"loc":{"start":{"line":44,"column":4},"end":{"line":47,"column":null}},"type":"if","locations":[{"start":{"line":44,"column":4},"end":{"line":47,"column":null}},{"start":{},"end":{}}],"line":44},"5":{"loc":{"start":{"line":60,"column":2},"end":{"line":61,"column":null}},"type":"if","locations":[{"start":{"line":60,"column":2},"end":{"line":61,"column":null}},{"start":{},"end":{}}],"line":60}},"s":{"0":2,"1":23,"2":10,"3":23,"4":23,"5":15,"6":15,"7":15,"8":7,"9":8,"10":15,"11":15,"12":6,"13":9,"14":15,"15":15,"16":15,"17":7,"18":7,"19":7,"20":7,"21":23,"22":26,"23":26,"24":2,"25":23},"f":{"0":23,"1":10,"2":15,"3":15,"4":7,"5":26},"b":{"0":[10,5],"1":[7,8],"2":[0,7],"3":[6,9],"4":[7,8],"5":[2,24]},"meta":{"lastBranch":6,"lastFunction":6,"lastStatement":26,"seen":{"s:11:6:11:75":0,"f:13:16:13:30":0,"s:14:16:16:Infinity":1,"f:14:28:14:50":1,"s:15:4:15:Infinity":2,"b:15:12:15:41:15:55:15:Infinity":0,"s:17:24:17:79":3,"s:19:2:49:Infinity":4,"f:19:2:19:18":2,"s:20:17:20:Infinity":5,"s:22:10:36:Infinity":6,"f:22:10:22:30":3,"b:25:6:28:Infinity:27:13:28:Infinity":1,"s:25:6:28:Infinity":7,"s:26:8:26:Infinity":8,"b:26:79:26:88:26:88:26:Infinity":2,"s:28:8:28:Infinity":9,"s:31:6:31:Infinity":10,"b:33:6:36:Infinity:35:13:36:Infinity":3,"s:33:6:36:Infinity":11,"s:34:8:34:Infinity":12,"s:36:8:36:Infinity":13,"s:40:4:40:Infinity":14,"s:41:4:41:Infinity":15,"b:44:4:47:Infinity:undefined:undefined:undefined:undefined":4,"s:44:4:47:Infinity":16,"s:45:25:45:74":17,"s:46:6:46:Infinity":18,"s:47:6:47:Infinity":19,"f:47:6:47:19":4,"s:47:19:47:72":20,"s:51:2:54:Infinity":21,"f:58:16:58:27":5,"s:59:8:59:42":22,"b:60:2:61:Infinity:undefined:undefined:undefined:undefined":5,"s:60:2:61:Infinity":23,"s:61:4:61:Infinity":24,"s:63:2:63:Infinity":25}}}
,"/Users/geguo/Desktop/AP/aria-web/src/contexts/ToastContext.tsx": {"path":"/Users/geguo/Desktop/AP/aria-web/src/contexts/ToastContext.tsx","statementMap":{"0":{"start":{"line":19,"column":6},"end":{"line":19,"column":66}},"1":{"start":{"line":21,"column":14},"end":{"line":26,"column":null}},"2":{"start":{"line":28,"column":15},"end":{"line":33,"column":null}},"3":{"start":{"line":35,"column":20},"end":{"line":40,"column":null}},"4":{"start":{"line":43,"column":15},"end":{"line":43,"column":null}},"5":{"start":{"line":44,"column":2},"end":{"line":55,"column":null}},"6":{"start":{"line":61,"column":17},"end":{"line":61,"column":51}},"7":{"start":{"line":62,"column":8},"end":{"line":62,"column":30}},"8":{"start":{"line":64,"column":8},"end":{"line":70,"column":8}},"9":{"start":{"line":65,"column":15},"end":{"line":65,"column":null}},"10":{"start":{"line":66,"column":4},"end":{"line":66,"column":null}},"11":{"start":{"line":66,"column":22},"end":{"line":66,"column":54}},"12":{"start":{"line":67,"column":4},"end":{"line":69,"column":null}},"13":{"start":{"line":68,"column":6},"end":{"line":68,"column":null}},"14":{"start":{"line":68,"column":24},"end":{"line":68,"column":53}},"15":{"start":{"line":68,"column":41},"end":{"line":68,"column":53}},"16":{"start":{"line":72,"column":8},"end":{"line":74,"column":8}},"17":{"start":{"line":73,"column":4},"end":{"line":73,"column":null}},"18":{"start":{"line":73,"column":22},"end":{"line":73,"column":51}},"19":{"start":{"line":73,"column":39},"end":{"line":73,"column":51}},"20":{"start":{"line":76,"column":33},"end":{"line":81,"column":null}},"21":{"start":{"line":77,"column":22},"end":{"line":77,"column":46}},"22":{"start":{"line":78,"column":20},"end":{"line":78,"column":42}},"23":{"start":{"line":79,"column":22},"end":{"line":79,"column":46}},"24":{"start":{"line":80,"column":19},"end":{"line":80,"column":null}},"25":{"start":{"line":83,"column":2},"end":{"line":93,"column":null}},"26":{"start":{"line":89,"column":10},"end":{"line":91,"column":null}},"27":{"start":{"line":90,"column":48},"end":{"line":90,"column":64}},"28":{"start":{"line":99,"column":8},"end":{"line":99,"column":38}},"29":{"start":{"line":100,"column":2},"end":{"line":100,"column":null}},"30":{"start":{"line":100,"column":12},"end":{"line":100,"column":null}},"31":{"start":{"line":101,"column":2},"end":{"line":101,"column":null}}},"fnMap":{"0":{"name":"ToastItem","decl":{"start":{"line":42,"column":9},"end":{"line":42,"column":19}},"loc":{"start":{"line":42,"column":78},"end":{"line":55,"column":null}},"line":42},"1":{"name":"ToastProvider","decl":{"start":{"line":60,"column":16},"end":{"line":60,"column":30}},"loc":{"start":{"line":60,"column":75},"end":{"line":93,"column":null}},"line":60},"2":{"name":"(anonymous_2)","decl":{"start":{"line":64,"column":19},"end":{"line":64,"column":32}},"loc":{"start":{"line":64,"column":69},"end":{"line":70,"column":7}},"line":64},"3":{"name":"(anonymous_3)","decl":{"start":{"line":66,"column":4},"end":{"line":66,"column":14}},"loc":{"start":{"line":66,"column":22},"end":{"line":66,"column":54}},"line":66},"4":{"name":"(anonymous_4)","decl":{"start":{"line":67,"column":4},"end":{"line":67,"column":21}},"loc":{"start":{"line":67,"column":21},"end":{"line":69,"column":12}},"line":67},"5":{"name":"(anonymous_5)","decl":{"start":{"line":68,"column":6},"end":{"line":68,"column":16}},"loc":{"start":{"line":68,"column":24},"end":{"line":68,"column":53}},"line":68},"6":{"name":"(anonymous_6)","decl":{"start":{"line":68,"column":29},"end":{"line":68,"column":36}},"loc":{"start":{"line":68,"column":41},"end":{"line":68,"column":53}},"line":68},"7":{"name":"(anonymous_7)","decl":{"start":{"line":72,"column":17},"end":{"line":72,"column":30}},"loc":{"start":{"line":72,"column":45},"end":{"line":74,"column":7}},"line":72},"8":{"name":"(anonymous_8)","decl":{"start":{"line":73,"column":4},"end":{"line":73,"column":14}},"loc":{"start":{"line":73,"column":22},"end":{"line":73,"column":51}},"line":73},"9":{"name":"(anonymous_9)","decl":{"start":{"line":73,"column":27},"end":{"line":73,"column":34}},"loc":{"start":{"line":73,"column":39},"end":{"line":73,"column":51}},"line":73},"10":{"name":"(anonymous_10)","decl":{"start":{"line":77,"column":4},"end":{"line":77,"column":14}},"loc":{"start":{"line":77,"column":22},"end":{"line":77,"column":46}},"line":77},"11":{"name":"(anonymous_11)","decl":{"start":{"line":78,"column":4},"end":{"line":78,"column":12}},"loc":{"start":{"line":78,"column":20},"end":{"line":78,"column":42}},"line":78},"12":{"name":"(anonymous_12)","decl":{"start":{"line":79,"column":4},"end":{"line":79,"column":14}},"loc":{"start":{"line":79,"column":22},"end":{"line":79,"column":46}},"line":79},"13":{"name":"(anonymous_13)","decl":{"start":{"line":80,"column":4},"end":{"line":80,"column":11}},"loc":{"start":{"line":80,"column":19},"end":{"line":80,"column":null}},"line":80},"14":{"name":"(anonymous_14)","decl":{"start":{"line":88,"column":16},"end":{"line":88,"column":20}},"loc":{"start":{"line":89,"column":10},"end":{"line":91,"column":null}},"line":89},"15":{"name":"(anonymous_15)","decl":{"start":{"line":90,"column":33},"end":{"line":90,"column":48}},"loc":{"start":{"line":90,"column":48},"end":{"line":90,"column":64}},"line":90},"16":{"name":"useToast","decl":{"start":{"line":98,"column":16},"end":{"line":98,"column":27}},"loc":{"start":{"line":98,"column":27},"end":{"line":101,"column":null}},"line":98}},"branchMap":{"0":{"loc":{"start":{"line":100,"column":2},"end":{"line":100,"column":null}},"type":"if","locations":[{"start":{"line":100,"column":2},"end":{"line":100,"column":null}},{"start":{},"end":{}}],"line":100}},"s":{"0":1,"1":1,"2":1,"3":1,"4":9,"5":9,"6":18,"7":18,"8":18,"9":8,"10":8,"11":8,"12":8,"13":1,"14":1,"15":1,"16":18,"17":1,"18":1,"19":1,"20":18,"21":3,"22":3,"23":1,"24":1,"25":18,"26":9,"27":1,"28":21,"29":21,"30":2,"31":18},"f":{"0":9,"1":18,"2":8,"3":8,"4":1,"5":1,"6":1,"7":1,"8":1,"9":1,"10":3,"11":3,"12":1,"13":1,"14":9,"15":1,"16":21},"b":{"0":[2,19]},"meta":{"lastBranch":1,"lastFunction":17,"lastStatement":32,"seen":{"s:19:6:19:66":0,"s:21:14:26:Infinity":1,"s:28:15:33:Infinity":2,"s:35:20:40:Infinity":3,"f:42:9:42:19":0,"s:43:15:43:Infinity":4,"s:44:2:55:Infinity":5,"f:60:16:60:30":1,"s:61:17:61:51":6,"s:62:8:62:30":7,"s:64:8:70:8":8,"f:64:19:64:32":2,"s:65:15:65:Infinity":9,"s:66:4:66:Infinity":10,"f:66:4:66:14":3,"s:66:22:66:54":11,"s:67:4:69:Infinity":12,"f:67:4:67:21":4,"s:68:6:68:Infinity":13,"f:68:6:68:16":5,"s:68:24:68:53":14,"f:68:29:68:36":6,"s:68:41:68:53":15,"s:72:8:74:8":16,"f:72:17:72:30":7,"s:73:4:73:Infinity":17,"f:73:4:73:14":8,"s:73:22:73:51":18,"f:73:27:73:34":9,"s:73:39:73:51":19,"s:76:33:81:Infinity":20,"f:77:4:77:14":10,"s:77:22:77:46":21,"f:78:4:78:12":11,"s:78:20:78:42":22,"f:79:4:79:14":12,"s:79:22:79:46":23,"f:80:4:80:11":13,"s:80:19:80:Infinity":24,"s:83:2:93:Infinity":25,"f:88:16:88:20":14,"s:89:10:91:Infinity":26,"f:90:33:90:48":15,"s:90:48:90:64":27,"f:98:16:98:27":16,"s:99:8:99:38":28,"b:100:2:100:Infinity:undefined:undefined:undefined:undefined":0,"s:100:2:100:Infinity":29,"s:100:12:100:Infinity":30,"s:101:2:101:Infinity":31}}}
,"/Users/geguo/Desktop/AP/aria-web/src/utils/timezone.ts": {"path":"/Users/geguo/Desktop/AP/aria-web/src/utils/timezone.ts","statementMap":{"0":{"start":{"line":1,"column":40},"end":{"line":1,"column":null}},"1":{"start":{"line":2,"column":34},"end":{"line":2,"column":null}},"2":{"start":{"line":3,"column":38},"end":{"line":3,"column":null}},"3":{"start":{"line":6,"column":2},"end":{"line":9,"column":null}},"4":{"start":{"line":7,"column":4},"end":{"line":7,"column":null}},"5":{"start":{"line":9,"column":4},"end":{"line":9,"column":null}},"6":{"start":{"line":14,"column":2},"end":{"line":18,"column":null}},"7":{"start":{"line":15,"column":4},"end":{"line":15,"column":null}},"8":{"start":{"line":16,"column":4},"end":{"line":16,"column":null}},"9":{"start":{"line":18,"column":4},"end":{"line":18,"column":null}},"10":{"start":{"line":23,"column":2},"end":{"line":23,"column":null}},"11":{"start":{"line":23,"column":37},"end":{"line":23,"column":null}},"12":{"start":{"line":24,"column":16},"end":{"line":24,"column":null}},"13":{"start":{"line":25,"column":2},"end":{"line":25,"column":null}},"14":{"start":{"line":25,"column":40},"end":{"line":25,"column":null}},"15":{"start":{"line":26,"column":2},"end":{"line":26,"column":null}},"16":{"start":{"line":30,"column":17},"end":{"line":30,"column":39}},"17":{"start":{"line":31,"column":2},"end":{"line":31,"column":null}},"18":{"start":{"line":35,"column":2},"end":{"line":35,"column":null}},"19":{"start":{"line":35,"column":37},"end":{"line":35,"column":null}},"20":{"start":{"line":36,"column":20},"end":{"line":36,"column":null}},"21":{"start":{"line":37,"column":2},"end":{"line":37,"column":null}},"22":{"start":{"line":38,"column":2},"end":{"line":38,"column":null}},"23":{"start":{"line":42,"column":2},"end":{"line":42,"column":null}},"24":{"start":{"line":46,"column":16},"end":{"line":46,"column":63}},"25":{"start":{"line":47,"column":20},"end":{"line":52,"column":4}},"26":{"start":{"line":53,"column":16},"end":{"line":53,"column":46}},"27":{"start":{"line":54,"column":15},"end":{"line":54,"column":null}},"28":{"start":{"line":54,"column":36},"end":{"line":54,"column":57}},"29":{"start":{"line":55,"column":16},"end":{"line":55,"column":null}},"30":{"start":{"line":55,"column":37},"end":{"line":55,"column":59}},"31":{"start":{"line":56,"column":14},"end":{"line":56,"column":null}},"32":{"start":{"line":56,"column":35},"end":{"line":56,"column":55}},"33":{"start":{"line":57,"column":2},"end":{"line":57,"column":null}},"34":{"start":{"line":61,"column":16},"end":{"line":61,"column":63}},"35":{"start":{"line":62,"column":2},"end":{"line":67,"column":null}},"36":{"start":{"line":71,"column":16},"end":{"line":71,"column":63}},"37":{"start":{"line":72,"column":2},"end":{"line":78,"column":null}},"38":{"start":{"line":87,"column":16},"end":{"line":87,"column":63}},"39":{"start":{"line":88,"column":2},"end":{"line":96,"column":null}}},"fnMap":{"0":{"name":"getBrowserTimeZone","decl":{"start":{"line":5,"column":16},"end":{"line":5,"column":37}},"loc":{"start":{"line":5,"column":37},"end":{"line":9,"column":null}},"line":5},"1":{"name":"isValidTimeZone","decl":{"start":{"line":13,"column":16},"end":{"line":13,"column":32}},"loc":{"start":{"line":13,"column":47},"end":{"line":18,"column":null}},"line":13},"2":{"name":"getStoredAppTimeZone","decl":{"start":{"line":22,"column":16},"end":{"line":22,"column":39}},"loc":{"start":{"line":22,"column":39},"end":{"line":26,"column":null}},"line":22},"3":{"name":"getResolvedAppTimeZone","decl":{"start":{"line":29,"column":16},"end":{"line":29,"column":41}},"loc":{"start":{"line":29,"column":41},"end":{"line":31,"column":null}},"line":29},"4":{"name":"setAppTimeZone","decl":{"start":{"line":34,"column":16},"end":{"line":34,"column":31}},"loc":{"start":{"line":34,"column":46},"end":{"line":38,"column":null}},"line":34},"5":{"name":"getFormatterTimeZone","decl":{"start":{"line":41,"column":9},"end":{"line":41,"column":30}},"loc":{"start":{"line":41,"column":49},"end":{"line":42,"column":null}},"line":41},"6":{"name":"formatDatePartsKey","decl":{"start":{"line":45,"column":16},"end":{"line":45,"column":35}},"loc":{"start":{"line":45,"column":85},"end":{"line":57,"column":null}},"line":45},"7":{"name":"(anonymous_7)","decl":{"start":{"line":54,"column":21},"end":{"line":54,"column":27}},"loc":{"start":{"line":54,"column":36},"end":{"line":54,"column":57}},"line":54},"8":{"name":"(anonymous_8)","decl":{"start":{"line":55,"column":22},"end":{"line":55,"column":28}},"loc":{"start":{"line":55,"column":37},"end":{"line":55,"column":59}},"line":55},"9":{"name":"(anonymous_9)","decl":{"start":{"line":56,"column":20},"end":{"line":56,"column":26}},"loc":{"start":{"line":56,"column":35},"end":{"line":56,"column":55}},"line":56},"10":{"name":"formatTimeOnly","decl":{"start":{"line":60,"column":16},"end":{"line":60,"column":31}},"loc":{"start":{"line":60,"column":119},"end":{"line":67,"column":null}},"line":60},"11":{"name":"formatDateOnly","decl":{"start":{"line":70,"column":16},"end":{"line":70,"column":31}},"loc":{"start":{"line":70,"column":119},"end":{"line":78,"column":null}},"line":70},"12":{"name":"formatDateTime","decl":{"start":{"line":81,"column":16},"end":{"line":81,"column":null}},"loc":{"start":{"line":86,"column":2},"end":{"line":96,"column":null}},"line":86}},"branchMap":{"0":{"loc":{"start":{"line":7,"column":11},"end":{"line":7,"column":null}},"type":"binary-expr","locations":[{"start":{"line":7,"column":11},"end":{"line":7,"column":63}},{"start":{"line":7,"column":63},"end":{"line":7,"column":null}}],"line":7},"1":{"loc":{"start":{"line":23,"column":2},"end":{"line":23,"column":null}},"type":"if","locations":[{"start":{"line":23,"column":2},"end":{"line":23,"column":null}},{"start":{},"end":{}}],"line":23},"2":{"loc":{"start":{"line":24,"column":16},"end":{"line":24,"column":null}},"type":"binary-expr","locations":[{"start":{"line":24,"column":16},"end":{"line":24,"column":69}},{"start":{"line":24,"column":73},"end":{"line":24,"column":null}}],"line":24},"3":{"loc":{"start":{"line":25,"column":2},"end":{"line":25,"column":null}},"type":"if","locations":[{"start":{"line":25,"column":2},"end":{"line":25,"column":null}},{"start":{},"end":{}}],"line":25},"4":{"loc":{"start":{"line":26,"column":9},"end":{"line":26,"column":null}},"type":"cond-expr","locations":[{"start":{"line":26,"column":34},"end":{"line":26,"column":42}},{"start":{"line":26,"column":42},"end":{"line":26,"column":null}}],"line":26},"5":{"loc":{"start":{"line":31,"column":9},"end":{"line":31,"column":null}},"type":"cond-expr","locations":[{"start":{"line":31,"column":45},"end":{"line":31,"column":65}},{"start":{"line":31,"column":68},"end":{"line":31,"column":null}}],"line":31},"6":{"loc":{"start":{"line":35,"column":2},"end":{"line":35,"column":null}},"type":"if","locations":[{"start":{"line":35,"column":2},"end":{"line":35,"column":null}},{"start":{},"end":{}}],"line":35},"7":{"loc":{"start":{"line":36,"column":20},"end":{"line":36,"column":null}},"type":"cond-expr","locations":[{"start":{"line":36,"column":54},"end":{"line":36,"column":62}},{"start":{"line":36,"column":62},"end":{"line":36,"column":null}}],"line":36},"8":{"loc":{"start":{"line":36,"column":20},"end":{"line":36,"column":51}},"type":"binary-expr","locations":[{"start":{"line":36,"column":20},"end":{"line":36,"column":29}},{"start":{"line":36,"column":29},"end":{"line":36,"column":51}}],"line":36},"9":{"loc":{"start":{"line":42,"column":9},"end":{"line":42,"column":84}},"type":"cond-expr","locations":[{"start":{"line":42,"column":49},"end":{"line":42,"column":60}},{"start":{"line":42,"column":60},"end":{"line":42,"column":84}}],"line":42},"10":{"loc":{"start":{"line":42,"column":9},"end":{"line":42,"column":46}},"type":"binary-expr","locations":[{"start":{"line":42,"column":9},"end":{"line":42,"column":21}},{"start":{"line":42,"column":21},"end":{"line":42,"column":46}}],"line":42},"11":{"loc":{"start":{"line":46,"column":16},"end":{"line":46,"column":63}},"type":"cond-expr","locations":[{"start":{"line":46,"column":40},"end":{"line":46,"column":48}},{"start":{"line":46,"column":48},"end":{"line":46,"column":63}}],"line":46},"12":{"loc":{"start":{"line":54,"column":15},"end":{"line":54,"column":null}},"type":"binary-expr","locations":[{"start":{"line":54,"column":15},"end":{"line":54,"column":68}},{"start":{"line":54,"column":68},"end":{"line":54,"column":null}}],"line":54},"13":{"loc":{"start":{"line":55,"column":16},"end":{"line":55,"column":null}},"type":"binary-expr","locations":[{"start":{"line":55,"column":16},"end":{"line":55,"column":70}},{"start":{"line":55,"column":70},"end":{"line":55,"column":null}}],"line":55},"14":{"loc":{"start":{"line":56,"column":14},"end":{"line":56,"column":null}},"type":"binary-expr","locations":[{"start":{"line":56,"column":14},"end":{"line":56,"column":66}},{"start":{"line":56,"column":66},"end":{"line":56,"column":null}}],"line":56},"15":{"loc":{"start":{"line":61,"column":16},"end":{"line":61,"column":63}},"type":"cond-expr","locations":[{"start":{"line":61,"column":40},"end":{"line":61,"column":48}},{"start":{"line":61,"column":48},"end":{"line":61,"column":63}}],"line":61},"16":{"loc":{"start":{"line":71,"column":16},"end":{"line":71,"column":63}},"type":"cond-expr","locations":[{"start":{"line":71,"column":40},"end":{"line":71,"column":48}},{"start":{"line":71,"column":48},"end":{"line":71,"column":63}}],"line":71},"17":{"loc":{"start":{"line":87,"column":16},"end":{"line":87,"column":63}},"type":"cond-expr","locations":[{"start":{"line":87,"column":40},"end":{"line":87,"column":48}},{"start":{"line":87,"column":48},"end":{"line":87,"column":63}}],"line":87},"18":{"loc":{"start":{"line":88,"column":30},"end":{"line":88,"column":51}},"type":"binary-expr","locations":[{"start":{"line":88,"column":30},"end":{"line":88,"column":40}},{"start":{"line":88,"column":40},"end":{"line":88,"column":51}}],"line":88}},"s":{"0":4,"1":4,"2":4,"3":8,"4":8,"5":0,"6":26,"7":26,"8":26,"9":5,"10":20,"11":0,"12":20,"13":20,"14":11,"15":9,"16":9,"17":9,"18":3,"19":0,"20":3,"21":3,"22":3,"23":7,"24":4,"25":4,"26":4,"27":4,"28":4,"29":4,"30":12,"31":4,"32":20,"33":4,"34":1,"35":1,"36":1,"37":1,"38":1,"39":1},"f":{"0":8,"1":26,"2":20,"3":9,"4":3,"5":7,"6":4,"7":4,"8":12,"9":20,"10":1,"11":1,"12":1},"b":{"0":[8,0],"1":[0,20],"2":[20,9],"3":[11,9],"4":[8,1],"5":[5,4],"6":[0,3],"7":[2,1],"8":[3,3],"9":[7,0],"10":[7,7],"11":[1,3],"12":[4,0],"13":[4,0],"14":[4,0],"15":[0,1],"16":[0,1],"17":[0,1],"18":[1,1]},"meta":{"lastBranch":19,"lastFunction":13,"lastStatement":40,"seen":{"s:1:40:1:Infinity":0,"s:2:34:2:Infinity":1,"s:3:38:3:Infinity":2,"f:5:16:5:37":0,"s:6:2:9:Infinity":3,"s:7:4:7:Infinity":4,"b:7:11:7:63:7:63:7:Infinity":0,"s:9:4:9:Infinity":5,"f:13:16:13:32":1,"s:14:2:18:Infinity":6,"s:15:4:15:Infinity":7,"s:16:4:16:Infinity":8,"s:18:4:18:Infinity":9,"f:22:16:22:39":2,"b:23:2:23:Infinity:undefined:undefined:undefined:undefined":1,"s:23:2:23:Infinity":10,"s:23:37:23:Infinity":11,"s:24:16:24:Infinity":12,"b:24:16:24:69:24:73:24:Infinity":2,"b:25:2:25:Infinity:undefined:undefined:undefined:undefined":3,"s:25:2:25:Infinity":13,"s:25:40:25:Infinity":14,"s:26:2:26:Infinity":15,"b:26:34:26:42:26:42:26:Infinity":4,"f:29:16:29:41":3,"s:30:17:30:39":16,"s:31:2:31:Infinity":17,"b:31:45:31:65:31:68:31:Infinity":5,"f:34:16:34:31":4,"b:35:2:35:Infinity:undefined:undefined:undefined:undefined":6,"s:35:2:35:Infinity":18,"s:35:37:35:Infinity":19,"s:36:20:36:Infinity":20,"b:36:54:36:62:36:62:36:Infinity":7,"b:36:20:36:29:36:29:36:51":8,"s:37:2:37:Infinity":21,"s:38:2:38:Infinity":22,"f:41:9:41:30":5,"s:42:2:42:Infinity":23,"b:42:49:42:60:42:60:42:84":9,"b:42:9:42:21:42:21:42:46":10,"f:45:16:45:35":6,"s:46:16:46:63":24,"b:46:40:46:48:46:48:46:63":11,"s:47:20:52:4":25,"s:53:16:53:46":26,"s:54:15:54:Infinity":27,"b:54:15:54:68:54:68:54:Infinity":12,"f:54:21:54:27":7,"s:54:36:54:57":28,"s:55:16:55:Infinity":29,"b:55:16:55:70:55:70:55:Infinity":13,"f:55:22:55:28":8,"s:55:37:55:59":30,"s:56:14:56:Infinity":31,"b:56:14:56:66:56:66:56:Infinity":14,"f:56:20:56:26":9,"s:56:35:56:55":32,"s:57:2:57:Infinity":33,"f:60:16:60:31":10,"s:61:16:61:63":34,"b:61:40:61:48:61:48:61:63":15,"s:62:2:67:Infinity":35,"f:70:16:70:31":11,"s:71:16:71:63":36,"b:71:40:71:48:71:48:71:63":16,"s:72:2:78:Infinity":37,"f:81:16:81:Infinity":12,"s:87:16:87:63":38,"b:87:40:87:48:87:48:87:63":17,"s:88:2:96:Infinity":39,"b:88:30:88:40:88:40:88:51":18}}}
}
